#
# There is insufficient memory for the Java Runtime Environment to continue.
# Native memory allocation (mmap) failed to map 150994944 bytes for G1 virtual space
# Possible reasons:
#   The system is out of physical RAM or swap space
#   The process is running with CompressedOops enabled, and the Java Heap may be blocking the growth of the native heap
# Possible solutions:
#   Reduce memory load on the system
#   Increase physical memory or swap space
#   Check if swap backing store is full
#   Decrease Java heap size (-Xmx/-Xms)
#   Decrease number of Java threads
#   Decrease Java thread stack sizes (-Xss)
#   Set larger code cache with -XX:ReservedCodeCacheSize=
#   JVM is running with Unscaled Compressed Oops mode in which the Java heap is
#     placed in the first 4GB address space. The Java Heap base address is the
#     maximum limit for the native heap growth. Please use -XX:HeapBaseMinAddress
#     to set the Java Heap base and to place the Java Heap above 4GB virtual address.
# This output file may be truncated or incomplete.
#
#  Out of Memory Error (os_windows.cpp:3771), pid=23004, tid=5056
#
# JRE version: OpenJDK Runtime Environment (17.0.7) (build 17.0.7+0-b2043.56-10550314)
# Java VM: OpenJDK 64-Bit Server VM (17.0.7+0-b2043.56-10550314, mixed mode, tiered, compressed oops, compressed class ptrs, g1 gc, windows-amd64)
# No core dump will be written. Minidumps are not enabled by default on client versions of Windows
#

---------------  S U M M A R Y ------------

Command Line: --add-opens=java.base/java.util=ALL-UNNAMED --add-opens=java.base/java.lang=ALL-UNNAMED --add-opens=java.base/java.lang.invoke=ALL-UNNAMED --add-opens=java.prefs/java.util.prefs=ALL-UNNAMED --add-opens=java.base/java.nio.charset=ALL-UNNAMED --add-opens=java.base/java.net=ALL-UNNAMED --add-opens=java.base/java.util.concurrent.atomic=ALL-UNNAMED -Xmx2048m -Dfile.encoding=UTF-8 -Duser.country=FR -Duser.language=fr -Duser.variant -javaagent:C:\Users\lenovo\Downloads\gradle-8.7-bin\gradle-8.7\lib\agents\gradle-instrumentation-agent-8.7.jar org.gradle.launcher.daemon.bootstrap.GradleDaemon 8.7

Host: 11th Gen Intel(R) Core(TM) i7-1165G7 @ 2.80GHz, 8 cores, 19G,  Windows 11 , 64 bit Build 22621 (10.0.22621.3527)
Time: Sat May 18 19:03:39 2024 Maroc (heure d64 bit Build 22621 (10.0.22621.3527) elapsed time: 5.653940 seconds (0d 0h 0m 5s)

---------------  T H R E A D  ---------------

Current thread (0x00000230c61dac40):  VMThread "VM Thread" [stack: 0x000000a794500000,0x000000a794600000] [id=5056]

Stack: [0x000000a794500000,0x000000a794600000]
Native frames: (J=compiled Java code, j=interpreted, Vv=VM code, C=native code)
V  [jvm.dll+0x683bfa]
V  [jvm.dll+0x8430a4]
V  [jvm.dll+0x8449be]
V  [jvm.dll+0x845023]
V  [jvm.dll+0x24ad2f]
V  [jvm.dll+0x680ac9]
V  [jvm.dll+0x67519a]
V  [jvm.dll+0x30b3cb]
V  [jvm.dll+0x312876]
V  [jvm.dll+0x36221e]
V  [jvm.dll+0x36244f]
V  [jvm.dll+0x2e14a8]
V  [jvm.dll+0x2df684]
V  [jvm.dll+0x2dec8c]
V  [jvm.dll+0x32382b]
V  [jvm.dll+0x8496eb]
V  [jvm.dll+0x84a424]
V  [jvm.dll+0x84a93d]
V  [jvm.dll+0x84ad14]
V  [jvm.dll+0x84ade0]
V  [jvm.dll+0x7f2aea]
V  [jvm.dll+0x682a35]
C  [ucrtbase.dll+0x29333]
C  [KERNEL32.DLL+0x1257d]
C  [ntdll.dll+0x5aa48]

VM_Operation (0x000000a7991fd4a0): G1CollectForAllocation, mode: safepoint, requested by thread 0x00000230cf400470


---------------  P R O C E S S  ---------------

Threads class SMR info:
_java_thread_list=0x00000230d0a70d70, length=66, elements={
0x00000230ac133190, 0x00000230c61ff030, 0x00000230c61ffbe0, 0x00000230c6221290,
0x00000230c6221d50, 0x00000230c6224810, 0x00000230c62255d0, 0x00000230c6228370,
0x00000230c622c310, 0x00000230c622cd00, 0x00000230c62d2e00, 0x00000230c64b0d70,
0x00000230cbfae100, 0x00000230ccc18750, 0x00000230cc243e10, 0x00000230cd044e30,
0x00000230cc848d50, 0x00000230cbb7ed30, 0x00000230cbb81880, 0x00000230cbb7f6d0,
0x00000230cbb81d50, 0x00000230cbb7e860, 0x00000230cbb7fba0, 0x00000230cbb80540,
0x00000230cbb813b0, 0x00000230cbb82220, 0x00000230cbb7f200, 0x00000230cbb80a10,
0x00000230cbb80070, 0x00000230cbb80ee0, 0x00000230cefc0120, 0x00000230cefbcc30,
0x00000230cefbd100, 0x00000230cefc05f0, 0x00000230cefbd5d0, 0x00000230cefc0ac0,
0x00000230cefc1460, 0x00000230cefbdaa0, 0x00000230cefc0f90, 0x00000230cefbb8f0,
0x00000230cefbe910, 0x00000230cefc1930, 0x00000230cd344850, 0x00000230cefbede0,
0x00000230cefc1e00, 0x00000230cefbf2b0, 0x00000230cefbf780, 0x00000230cefc22d0,
0x00000230c64cce60, 0x00000230cefbc760, 0x00000230cefbfc50, 0x00000230cf3fcf80,
0x00000230cf3fbc40, 0x00000230cf4012e0, 0x00000230cf3fc5e0, 0x00000230cf3fcab0,
0x00000230cf3fddf0, 0x00000230cf3fe2c0, 0x00000230cf3fffa0, 0x00000230cf3fe790,
0x00000230cf3fec60, 0x00000230cf3fb2a0, 0x00000230cf3ff130, 0x00000230cf3ffad0,
0x00000230cf3ff600, 0x00000230cf400470
}

Java Threads: ( => current thread )
  0x00000230ac133190 JavaThread "main" [_thread_blocked, id=19072, stack(0x000000a793f00000,0x000000a794000000)]
  0x00000230c61ff030 JavaThread "Reference Handler" daemon [_thread_blocked, id=6024, stack(0x000000a794600000,0x000000a794700000)]
  0x00000230c61ffbe0 JavaThread "Finalizer" daemon [_thread_blocked, id=12428, stack(0x000000a794700000,0x000000a794800000)]
  0x00000230c6221290 JavaThread "Signal Dispatcher" daemon [_thread_blocked, id=1316, stack(0x000000a794800000,0x000000a794900000)]
  0x00000230c6221d50 JavaThread "Attach Listener" daemon [_thread_blocked, id=9728, stack(0x000000a794900000,0x000000a794a00000)]
  0x00000230c6224810 JavaThread "Service Thread" daemon [_thread_blocked, id=13540, stack(0x000000a794a00000,0x000000a794b00000)]
  0x00000230c62255d0 JavaThread "Monitor Deflation Thread" daemon [_thread_blocked, id=720, stack(0x000000a794b00000,0x000000a794c00000)]
  0x00000230c6228370 JavaThread "C2 CompilerThread0" daemon [_thread_blocked, id=5592, stack(0x000000a794c00000,0x000000a794d00000)]
  0x00000230c622c310 JavaThread "C1 CompilerThread0" daemon [_thread_blocked, id=6572, stack(0x000000a794d00000,0x000000a794e00000)]
  0x00000230c622cd00 JavaThread "Sweeper thread" daemon [_thread_blocked, id=10044, stack(0x000000a794e00000,0x000000a794f00000)]
  0x00000230c62d2e00 JavaThread "Common-Cleaner" daemon [_thread_blocked, id=12048, stack(0x000000a794f00000,0x000000a795000000)]
  0x00000230c64b0d70 JavaThread "Notification Thread" daemon [_thread_blocked, id=10608, stack(0x000000a795000000,0x000000a795100000)]
  0x00000230cbfae100 JavaThread "Daemon health stats" [_thread_blocked, id=18448, stack(0x000000a795a00000,0x000000a795b00000)]
  0x00000230ccc18750 JavaThread "Incoming local TCP Connector on port 58504" [_thread_in_native, id=8224, stack(0x000000a795b00000,0x000000a795c00000)]
  0x00000230cc243e10 JavaThread "Daemon periodic checks" [_thread_blocked, id=17664, stack(0x000000a795c00000,0x000000a795d00000)]
  0x00000230cd044e30 JavaThread "Daemon" [_thread_blocked, id=23376, stack(0x000000a795d00000,0x000000a795e00000)]
  0x00000230cc848d50 JavaThread "Handler for socket connection from /127.0.0.1:58504 to /127.0.0.1:58505" [_thread_in_native, id=2616, stack(0x000000a795e00000,0x000000a795f00000)]
  0x00000230cbb7ed30 JavaThread "Cancel handler" [_thread_blocked, id=9640, stack(0x000000a795f00000,0x000000a796000000)]
  0x00000230cbb81880 JavaThread "Daemon worker" [_thread_blocked, id=7292, stack(0x000000a796000000,0x000000a796100000)]
  0x00000230cbb7f6d0 JavaThread "Asynchronous log dispatcher for DefaultDaemonConnection: socket connection from /127.0.0.1:58504 to /127.0.0.1:58505" [_thread_blocked, id=3076, stack(0x000000a796100000,0x000000a796200000)]
  0x00000230cbb81d50 JavaThread "Stdin handler" [_thread_blocked, id=15324, stack(0x000000a796200000,0x000000a796300000)]
  0x00000230cbb7e860 JavaThread "Daemon client event forwarder" [_thread_blocked, id=17816, stack(0x000000a796300000,0x000000a796400000)]
  0x00000230cbb7fba0 JavaThread "Cache worker for journal cache (C:\Users\lenovo\.gradle\caches\journal-1)" [_thread_blocked, id=23304, stack(0x000000a796600000,0x000000a796700000)]
  0x00000230cbb80540 JavaThread "File lock request listener" [_thread_in_native, id=20032, stack(0x000000a796700000,0x000000a796800000)]
  0x00000230cbb813b0 JavaThread "Cache worker for file hash cache (C:\Users\lenovo\.gradle\caches\8.7\fileHashes)" [_thread_blocked, id=21904, stack(0x000000a796800000,0x000000a796900000)]
  0x00000230cbb82220 JavaThread "Cache worker for file hash cache (C:\Users\lenovo\AndroidStudioProjects\Water_app\.gradle\8.7\fileHashes)" [_thread_blocked, id=21472, stack(0x000000a796900000,0x000000a796a00000)]
  0x00000230cbb7f200 JavaThread "File watcher server" daemon [_thread_in_native, id=9872, stack(0x000000a796a00000,0x000000a796b00000)]
  0x00000230cbb80a10 JavaThread "File watcher consumer" daemon [_thread_blocked, id=4484, stack(0x000000a796b00000,0x000000a796c00000)]
  0x00000230cbb80070 JavaThread "jar transforms" [_thread_blocked, id=4288, stack(0x000000a796c00000,0x000000a796d00000)]
  0x00000230cbb80ee0 JavaThread "jar transforms Thread 2" [_thread_blocked, id=22968, stack(0x000000a796d00000,0x000000a796e00000)]
  0x00000230cefc0120 JavaThread "jar transforms Thread 3" [_thread_blocked, id=22268, stack(0x000000a796e00000,0x000000a796f00000)]
  0x00000230cefbcc30 JavaThread "jar transforms Thread 4" [_thread_blocked, id=14612, stack(0x000000a796f00000,0x000000a797000000)]
  0x00000230cefbd100 JavaThread "jar transforms Thread 5" [_thread_blocked, id=2020, stack(0x000000a797000000,0x000000a797100000)]
  0x00000230cefc05f0 JavaThread "jar transforms Thread 6" [_thread_blocked, id=11596, stack(0x000000a797100000,0x000000a797200000)]
  0x00000230cefbd5d0 JavaThread "jar transforms Thread 7" [_thread_blocked, id=22048, stack(0x000000a797200000,0x000000a797300000)]
  0x00000230cefc0ac0 JavaThread "jar transforms Thread 8" [_thread_blocked, id=5508, stack(0x000000a797300000,0x000000a797400000)]
  0x00000230cefc1460 JavaThread "Cache worker for checksums cache (C:\Users\lenovo\AndroidStudioProjects\Water_app\.gradle\8.7\checksums)" [_thread_blocked, id=16128, stack(0x000000a797400000,0x000000a797500000)]
  0x00000230cefbdaa0 JavaThread "Cache worker for cache directory md-supplier (C:\Users\lenovo\.gradle\caches\8.7\md-supplier)" [_thread_blocked, id=6932, stack(0x000000a795300000,0x000000a795400000)]
  0x00000230cefc0f90 JavaThread "Cache worker for cache directory md-rule (C:\Users\lenovo\.gradle\caches\8.7\md-rule)" [_thread_blocked, id=13868, stack(0x000000a797500000,0x000000a797600000)]
  0x00000230cefbb8f0 JavaThread "Cache worker for file content cache (C:\Users\lenovo\.gradle\caches\8.7\fileContent)" [_thread_blocked, id=15412, stack(0x000000a797600000,0x000000a797700000)]
  0x00000230cefbe910 JavaThread "Unconstrained build operations" [_thread_blocked, id=16028, stack(0x000000a795200000,0x000000a795300000)]
  0x00000230cefc1930 JavaThread "Unconstrained build operations Thread 2" [_thread_blocked, id=10032, stack(0x000000a797700000,0x000000a797800000)]
  0x00000230cd344850 JavaThread "C2 CompilerThread1" daemon [_thread_blocked, id=10680, stack(0x000000a797a00000,0x000000a797b00000)]
  0x00000230cefbede0 JavaThread "Unconstrained build operations Thread 3" [_thread_blocked, id=5084, stack(0x000000a797b00000,0x000000a797c00000)]
  0x00000230cefc1e00 JavaThread "Unconstrained build operations Thread 4" [_thread_blocked, id=23468, stack(0x000000a797c00000,0x000000a797d00000)]
  0x00000230cefbf2b0 JavaThread "Unconstrained build operations Thread 5" [_thread_blocked, id=19820, stack(0x000000a797d00000,0x000000a797e00000)]
  0x00000230cefbf780 JavaThread "Unconstrained build operations Thread 6" [_thread_blocked, id=16768, stack(0x000000a797e00000,0x000000a797f00000)]
  0x00000230cefc22d0 JavaThread "Unconstrained build operations Thread 7" [_thread_blocked, id=14492, stack(0x000000a797f00000,0x000000a798000000)]
  0x00000230c64cce60 JavaThread "C2 CompilerThread2" daemon [_thread_blocked, id=21404, stack(0x000000a798000000,0x000000a798100000)]
  0x00000230cefbc760 JavaThread "Unconstrained build operations Thread 8" [_thread_blocked, id=20788, stack(0x000000a798100000,0x000000a798200000)]
  0x00000230cefbfc50 JavaThread "Unconstrained build operations Thread 9" [_thread_blocked, id=18476, stack(0x000000a798200000,0x000000a798300000)]
  0x00000230cf3fcf80 JavaThread "Cache worker for Build Output Cleanup Cache (C:\Users\lenovo\AndroidStudioProjects\Water_app\.gradle\buildOutputCleanup)" [_thread_blocked, id=12176, stack(0x000000a798300000,0x000000a798400000)]
  0x00000230cf3fbc40 JavaThread "Unconstrained build operations Thread 10" [_thread_blocked, id=12624, stack(0x000000a798400000,0x000000a798500000)]
  0x00000230cf4012e0 JavaThread "Unconstrained build operations Thread 11" [_thread_blocked, id=3456, stack(0x000000a798500000,0x000000a798600000)]
  0x00000230cf3fc5e0 JavaThread "Unconstrained build operations Thread 12" [_thread_blocked, id=3296, stack(0x000000a798600000,0x000000a798700000)]
  0x00000230cf3fcab0 JavaThread "Unconstrained build operations Thread 13" [_thread_blocked, id=13756, stack(0x000000a798700000,0x000000a798800000)]
  0x00000230cf3fddf0 JavaThread "Unconstrained build operations Thread 14" [_thread_blocked, id=20248, stack(0x000000a798800000,0x000000a798900000)]
  0x00000230cf3fe2c0 JavaThread "Unconstrained build operations Thread 15" [_thread_blocked, id=21452, stack(0x000000a798900000,0x000000a798a00000)]
  0x00000230cf3fffa0 JavaThread "Unconstrained build operations Thread 16" [_thread_blocked, id=21932, stack(0x000000a798a00000,0x000000a798b00000)]
  0x00000230cf3fe790 JavaThread "Unconstrained build operations Thread 17" [_thread_blocked, id=13076, stack(0x000000a798b00000,0x000000a798c00000)]
  0x00000230cf3fec60 JavaThread "Unconstrained build operations Thread 18" [_thread_blocked, id=15652, stack(0x000000a798c00000,0x000000a798d00000)]
  0x00000230cf3fb2a0 JavaThread "Unconstrained build operations Thread 19" [_thread_blocked, id=17116, stack(0x000000a798d00000,0x000000a798e00000)]
  0x00000230cf3ff130 JavaThread "Unconstrained build operations Thread 20" [_thread_blocked, id=18484, stack(0x000000a798e00000,0x000000a798f00000)]
  0x00000230cf3ffad0 JavaThread "Unconstrained build operations Thread 21" [_thread_blocked, id=7560, stack(0x000000a798f00000,0x000000a799000000)]
  0x00000230cf3ff600 JavaThread "Unconstrained build operations Thread 22" [_thread_blocked, id=15980, stack(0x000000a799000000,0x000000a799100000)]
  0x00000230cf400470 JavaThread "Unconstrained build operations Thread 23" [_thread_blocked, id=11648, stack(0x000000a799100000,0x000000a799200000)]

Other Threads:
=>0x00000230c61dac40 VMThread "VM Thread" [stack: 0x000000a794500000,0x000000a794600000] [id=5056]
  0x00000230ac133f10 WatcherThread [stack: 0x000000a795100000,0x000000a795200000] [id=21292]
  0x00000230ac190f50 GCTaskThread "GC Thread#0" [stack: 0x000000a794000000,0x000000a794100000] [id=10448]
  0x00000230cb87c020 GCTaskThread "GC Thread#1" [stack: 0x000000a795400000,0x000000a795500000] [id=12040]
  0x00000230cb4aefe0 GCTaskThread "GC Thread#2" [stack: 0x000000a795500000,0x000000a795600000] [id=22112]
  0x00000230c6811900 GCTaskThread "GC Thread#3" [stack: 0x000000a795600000,0x000000a795700000] [id=8200]
  0x00000230c6811bb0 GCTaskThread "GC Thread#4" [stack: 0x000000a795700000,0x000000a795800000] [id=23180]
  0x00000230c6811e60 GCTaskThread "GC Thread#5" [stack: 0x000000a795800000,0x000000a795900000] [id=7592]
  0x00000230c6812110 GCTaskThread "GC Thread#6" [stack: 0x000000a795900000,0x000000a795a00000] [id=21892]
  0x00000230c6dfc0d0 GCTaskThread "GC Thread#7" [stack: 0x000000a796400000,0x000000a796500000] [id=1328]
  0x00000230ac1a1e90 ConcurrentGCThread "G1 Main Marker" [stack: 0x000000a794100000,0x000000a794200000] [id=20640]
  0x00000230ac1a28a0 ConcurrentGCThread "G1 Conc#0" [stack: 0x000000a794200000,0x000000a794300000] [id=21636]
  0x00000230c6b7adb0 ConcurrentGCThread "G1 Conc#1" [stack: 0x000000a796500000,0x000000a796600000] [id=8004]
  0x00000230ac1ee790 ConcurrentGCThread "G1 Refine#0" [stack: 0x000000a794300000,0x000000a794400000] [id=3224]
  0x00000230cf1a4d00 ConcurrentGCThread "G1 Refine#1" [stack: 0x000000a797800000,0x000000a797900000] [id=13244]
  0x00000230cf1a4fe0 ConcurrentGCThread "G1 Refine#2" [stack: 0x000000a797900000,0x000000a797a00000] [id=19348]
  0x00000230c5f02450 ConcurrentGCThread "G1 Service" [stack: 0x000000a794400000,0x000000a794500000] [id=12488]

Threads with active compile tasks:
C2 CompilerThread0     5666 6290       4       com.google.common.collect.RegularImmutableMap::get (13 bytes)
C1 CompilerThread0     5666 6285   !   3       com.google.common.cache.LocalCache$Segment::put (439 bytes)
C2 CompilerThread1     5666 6284       4       java.util.stream.MatchOps::makeRef (29 bytes)
C2 CompilerThread2     5666 6289       4       com.google.common.collect.RegularImmutableMap::get (64 bytes)

VM state: at safepoint (normal execution)

VM Mutex/Monitor currently owned by a thread:  ([mutex/lock_event])
[0x00000230ac12db50] Threads_lock - owner thread: 0x00000230c61dac40
[0x00000230ac12f5c0] Heap_lock - owner thread: 0x00000230cf400470

Heap address: 0x0000000080000000, size: 2048 MB, Compressed Oops mode: 32-bit

CDS archive(s) not mapped
Compressed class space mapped at: 0x0000000100000000-0x0000000140000000, reserved size: 1073741824
Narrow klass base: 0x0000000000000000, Narrow klass shift: 3, Narrow klass range: 0x140000000

GC Precious Log:
 CPUs: 8 total, 8 available
 Memory: 20279M
 Large Page Support: Disabled
 NUMA Support: Disabled
 Compressed Oops: Enabled (32-bit)
 Heap Region Size: 1M
 Heap Min Capacity: 8M
 Heap Initial Capacity: 318M
 Heap Max Capacity: 2G
 Pre-touch: Disabled
 Parallel Workers: 8
 Concurrent Workers: 2
 Concurrent Refinement Workers: 8
 Periodic GC: Disabled

Heap:
 garbage-first heap   total 178176K, used 80053K [0x0000000080000000, 0x0000000100000000)
  region size 1024K, 6 young (6144K), 6 survivors (6144K)
 Metaspace       used 59563K, committed 60160K, reserved 1114112K
  class space    used 8098K, committed 8384K, reserved 1048576K

Heap Regions: E=young(eden), S=young(survivor), O=old, HS=humongous(starts), HC=humongous(continues), CS=collection set, F=free, OA=open archive, CA=closed archive, TAMS=top-at-mark-start (previous, next)
|   0|0x0000000080000000, 0x0000000080100000, 0x0000000080100000|100%|HS|  |TAMS 0x0000000080100000, 0x0000000080000000| Complete 
|   1|0x0000000080100000, 0x0000000080200000, 0x0000000080200000|100%|HC|  |TAMS 0x0000000080200000, 0x0000000080100000| Complete 
|   2|0x0000000080200000, 0x0000000080300000, 0x0000000080300000|100%|HC|  |TAMS 0x0000000080300000, 0x0000000080200000| Complete 
|   3|0x0000000080300000, 0x0000000080400000, 0x0000000080400000|100%|HC|  |TAMS 0x0000000080400000, 0x0000000080300000| Complete 
|   4|0x0000000080400000, 0x0000000080500000, 0x0000000080500000|100%| O|  |TAMS 0x0000000080500000, 0x0000000080400000| Untracked 
|   5|0x0000000080500000, 0x0000000080600000, 0x0000000080600000|100%| O|  |TAMS 0x0000000080600000, 0x0000000080500000| Untracked 
|   6|0x0000000080600000, 0x0000000080700000, 0x0000000080700000|100%| O|  |TAMS 0x0000000080700000, 0x0000000080600000| Untracked 
|   7|0x0000000080700000, 0x0000000080800000, 0x0000000080800000|100%| O|  |TAMS 0x0000000080800000, 0x0000000080700000| Untracked 
|   8|0x0000000080800000, 0x0000000080900000, 0x0000000080900000|100%| O|  |TAMS 0x0000000080900000, 0x0000000080800000| Untracked 
|   9|0x0000000080900000, 0x0000000080a00000, 0x0000000080a00000|100%| O|  |TAMS 0x0000000080a00000, 0x0000000080900000| Untracked 
|  10|0x0000000080a00000, 0x0000000080b00000, 0x0000000080b00000|100%| O|  |TAMS 0x0000000080b00000, 0x0000000080a00000| Untracked 
|  11|0x0000000080b00000, 0x0000000080c00000, 0x0000000080c00000|100%| O|  |TAMS 0x0000000080b00000, 0x0000000080b00000| Untracked 
|  12|0x0000000080c00000, 0x0000000080d00000, 0x0000000080d00000|100%| O|  |TAMS 0x0000000080d00000, 0x0000000080c00000| Untracked 
|  13|0x0000000080d00000, 0x0000000080e00000, 0x0000000080e00000|100%| O|  |TAMS 0x0000000080e00000, 0x0000000080d00000| Untracked 
|  14|0x0000000080e00000, 0x0000000080f00000, 0x0000000080f00000|100%| O|  |TAMS 0x0000000080f00000, 0x0000000080e00000| Untracked 
|  15|0x0000000080f00000, 0x0000000081000000, 0x0000000081000000|100%| O|  |TAMS 0x0000000081000000, 0x0000000080f00000| Untracked 
|  16|0x0000000081000000, 0x0000000081100000, 0x0000000081100000|100%| O|  |TAMS 0x0000000081100000, 0x0000000081000000| Untracked 
|  17|0x0000000081100000, 0x0000000081200000, 0x0000000081200000|100%| O|  |TAMS 0x0000000081200000, 0x0000000081100000| Untracked 
|  18|0x0000000081200000, 0x0000000081300000, 0x0000000081300000|100%| O|  |TAMS 0x0000000081300000, 0x0000000081200000| Untracked 
|  19|0x0000000081300000, 0x0000000081400000, 0x0000000081400000|100%| O|  |TAMS 0x0000000081400000, 0x0000000081300000| Untracked 
|  20|0x0000000081400000, 0x0000000081500000, 0x0000000081500000|100%| O|  |TAMS 0x0000000081400000, 0x0000000081400000| Untracked 
|  21|0x0000000081500000, 0x0000000081600000, 0x0000000081600000|100%|HS|  |TAMS 0x0000000081600000, 0x0000000081500000| Complete 
|  22|0x0000000081600000, 0x0000000081700000, 0x0000000081700000|100%|HC|  |TAMS 0x0000000081700000, 0x0000000081600000| Complete 
|  23|0x0000000081700000, 0x0000000081800000, 0x0000000081800000|100%|HS|  |TAMS 0x0000000081800000, 0x0000000081700000| Complete 
|  24|0x0000000081800000, 0x0000000081900000, 0x0000000081900000|100%|HC|  |TAMS 0x0000000081900000, 0x0000000081800000| Complete 
|  25|0x0000000081900000, 0x0000000081a00000, 0x0000000081a00000|100%|HC|  |TAMS 0x0000000081a00000, 0x0000000081900000| Complete 
|  26|0x0000000081a00000, 0x0000000081b00000, 0x0000000081b00000|100%|HS|  |TAMS 0x0000000081b00000, 0x0000000081a00000| Complete 
|  27|0x0000000081b00000, 0x0000000081c00000, 0x0000000081c00000|100%|HC|  |TAMS 0x0000000081c00000, 0x0000000081b00000| Complete 
|  28|0x0000000081c00000, 0x0000000081d00000, 0x0000000081d00000|100%|HS|  |TAMS 0x0000000081d00000, 0x0000000081c00000| Complete 
|  29|0x0000000081d00000, 0x0000000081e00000, 0x0000000081e00000|100%|HC|  |TAMS 0x0000000081e00000, 0x0000000081d00000| Complete 
|  30|0x0000000081e00000, 0x0000000081f00000, 0x0000000081f00000|100%| O|  |TAMS 0x0000000081e00000, 0x0000000081e00000| Untracked 
|  31|0x0000000081f00000, 0x0000000082000000, 0x0000000082000000|100%| O|  |TAMS 0x0000000081f00000, 0x0000000081f00000| Untracked 
|  32|0x0000000082000000, 0x0000000082100000, 0x0000000082100000|100%| O|  |TAMS 0x0000000082000000, 0x0000000082000000| Untracked 
|  33|0x0000000082100000, 0x0000000082200000, 0x0000000082200000|100%| O|  |TAMS 0x0000000082100000, 0x0000000082100000| Untracked 
|  34|0x0000000082200000, 0x0000000082300000, 0x0000000082300000|100%| O|  |TAMS 0x0000000082200000, 0x0000000082200000| Untracked 
|  35|0x0000000082300000, 0x0000000082400000, 0x0000000082400000|100%| O|  |TAMS 0x0000000082300000, 0x0000000082300000| Untracked 
|  36|0x0000000082400000, 0x0000000082500000, 0x0000000082500000|100%| O|  |TAMS 0x0000000082400000, 0x0000000082400000| Untracked 
|  37|0x0000000082500000, 0x0000000082600000, 0x0000000082600000|100%| O|  |TAMS 0x0000000082500000, 0x0000000082500000| Untracked 
|  38|0x0000000082600000, 0x0000000082700000, 0x0000000082700000|100%| O|  |TAMS 0x0000000082600000, 0x0000000082600000| Untracked 
|  39|0x0000000082700000, 0x0000000082800000, 0x0000000082800000|100%| O|  |TAMS 0x0000000082700000, 0x0000000082700000| Untracked 
|  40|0x0000000082800000, 0x0000000082900000, 0x0000000082900000|100%|HS|  |TAMS 0x0000000082900000, 0x0000000082800000| Complete 
|  41|0x0000000082900000, 0x0000000082a00000, 0x0000000082a00000|100%|HC|  |TAMS 0x0000000082a00000, 0x0000000082900000| Complete 
|  42|0x0000000082a00000, 0x0000000082b00000, 0x0000000082b00000|100%|HC|  |TAMS 0x0000000082b00000, 0x0000000082a00000| Complete 
|  43|0x0000000082b00000, 0x0000000082c00000, 0x0000000082c00000|100%|HC|  |TAMS 0x0000000082c00000, 0x0000000082b00000| Complete 
|  44|0x0000000082c00000, 0x0000000082d00000, 0x0000000082d00000|100%|HC|  |TAMS 0x0000000082d00000, 0x0000000082c00000| Complete 
|  45|0x0000000082d00000, 0x0000000082e00000, 0x0000000082e00000|100%|HC|  |TAMS 0x0000000082e00000, 0x0000000082d00000| Complete 
|  46|0x0000000082e00000, 0x0000000082f00000, 0x0000000082f00000|100%|HC|  |TAMS 0x0000000082f00000, 0x0000000082e00000| Complete 
|  47|0x0000000082f00000, 0x0000000083000000, 0x0000000083000000|100%|HC|  |TAMS 0x0000000083000000, 0x0000000082f00000| Complete 
|  48|0x0000000083000000, 0x0000000083100000, 0x0000000083100000|100%|HC|  |TAMS 0x0000000083100000, 0x0000000083000000| Complete 
|  49|0x0000000083100000, 0x0000000083200000, 0x0000000083200000|100%|HC|  |TAMS 0x0000000083200000, 0x0000000083100000| Complete 
|  50|0x0000000083200000, 0x0000000083300000, 0x0000000083300000|100%|HC|  |TAMS 0x0000000083300000, 0x0000000083200000| Complete 
|  51|0x0000000083300000, 0x0000000083400000, 0x0000000083400000|100%|HC|  |TAMS 0x0000000083400000, 0x0000000083300000| Complete 
|  52|0x0000000083400000, 0x0000000083500000, 0x0000000083500000|100%| O|  |TAMS 0x0000000083400000, 0x0000000083400000| Untracked 
|  53|0x0000000083500000, 0x0000000083600000, 0x0000000083600000|100%| O|  |TAMS 0x0000000083500000, 0x0000000083500000| Untracked 
|  54|0x0000000083600000, 0x0000000083700000, 0x0000000083700000|100%| O|  |TAMS 0x0000000083600000, 0x0000000083600000| Untracked 
|  55|0x0000000083700000, 0x0000000083800000, 0x0000000083800000|100%| O|  |TAMS 0x0000000083700000, 0x0000000083700000| Untracked 
|  56|0x0000000083800000, 0x0000000083900000, 0x0000000083900000|100%| O|  |TAMS 0x0000000083800000, 0x0000000083800000| Untracked 
|  57|0x0000000083900000, 0x0000000083a00000, 0x0000000083a00000|100%|HS|  |TAMS 0x0000000083900000, 0x0000000083900000| Complete 
|  58|0x0000000083a00000, 0x0000000083b00000, 0x0000000083b00000|100%|HC|  |TAMS 0x0000000083a00000, 0x0000000083a00000| Complete 
|  59|0x0000000083b00000, 0x0000000083c00000, 0x0000000083c00000|100%|HC|  |TAMS 0x0000000083b00000, 0x0000000083b00000| Complete 
|  60|0x0000000083c00000, 0x0000000083d00000, 0x0000000083d00000|100%|HS|  |TAMS 0x0000000083c00000, 0x0000000083c00000| Complete 
|  61|0x0000000083d00000, 0x0000000083e00000, 0x0000000083e00000|100%|HC|  |TAMS 0x0000000083d00000, 0x0000000083d00000| Complete 
|  62|0x0000000083e00000, 0x0000000083f00000, 0x0000000083f00000|100%|HS|  |TAMS 0x0000000083e00000, 0x0000000083e00000| Complete 
|  63|0x0000000083f00000, 0x0000000084000000, 0x0000000084000000|100%|HC|  |TAMS 0x0000000083f00000, 0x0000000083f00000| Complete 
|  64|0x0000000084000000, 0x0000000084100000, 0x0000000084100000|100%|HC|  |TAMS 0x0000000084000000, 0x0000000084000000| Complete 
|  65|0x0000000084100000, 0x0000000084200000, 0x0000000084200000|100%| O|  |TAMS 0x0000000084100000, 0x0000000084100000| Untracked 
|  66|0x0000000084200000, 0x0000000084300000, 0x0000000084300000|100%| O|  |TAMS 0x0000000084200000, 0x0000000084200000| Untracked 
|  67|0x0000000084300000, 0x0000000084400000, 0x0000000084400000|100%| O|  |TAMS 0x0000000084300000, 0x0000000084300000| Untracked 
|  68|0x0000000084400000, 0x0000000084500000, 0x0000000084500000|100%| O|  |TAMS 0x0000000084400000, 0x0000000084400000| Untracked 
|  69|0x0000000084500000, 0x0000000084600000, 0x0000000084600000|100%| O|  |TAMS 0x0000000084500000, 0x0000000084500000| Untracked 
|  70|0x0000000084600000, 0x0000000084700000, 0x0000000084700000|100%| O|  |TAMS 0x0000000084600000, 0x0000000084600000| Untracked 
|  71|0x0000000084700000, 0x0000000084800000, 0x0000000084800000|100%| O|  |TAMS 0x0000000084700000, 0x0000000084700000| Untracked 
|  72|0x0000000084800000, 0x00000000848a0000, 0x0000000084900000| 62%| O|  |TAMS 0x0000000084800000, 0x0000000084800000| Untracked 
|  73|0x0000000084900000, 0x0000000084900000, 0x0000000084a00000|  0%| F|  |TAMS 0x0000000084900000, 0x0000000084900000| Untracked 
|  74|0x0000000084a00000, 0x0000000084a00000, 0x0000000084b00000|  0%| F|  |TAMS 0x0000000084a00000, 0x0000000084a00000| Untracked 
|  75|0x0000000084b00000, 0x0000000084b00000, 0x0000000084c00000|  0%| F|  |TAMS 0x0000000084b00000, 0x0000000084b00000| Untracked 
|  76|0x0000000084c00000, 0x0000000084c00000, 0x0000000084d00000|  0%| F|  |TAMS 0x0000000084c00000, 0x0000000084c00000| Untracked 
|  77|0x0000000084d00000, 0x0000000084d00000, 0x0000000084e00000|  0%| F|  |TAMS 0x0000000084d00000, 0x0000000084d00000| Untracked 
|  78|0x0000000084e00000, 0x0000000084e00000, 0x0000000084f00000|  0%| F|  |TAMS 0x0000000084e00000, 0x0000000084e00000| Untracked 
|  79|0x0000000084f00000, 0x0000000084f00000, 0x0000000085000000|  0%| F|  |TAMS 0x0000000084f00000, 0x0000000084f00000| Untracked 
|  80|0x0000000085000000, 0x0000000085000000, 0x0000000085100000|  0%| F|  |TAMS 0x0000000085000000, 0x0000000085000000| Untracked 
|  81|0x0000000085100000, 0x0000000085100000, 0x0000000085200000|  0%| F|  |TAMS 0x0000000085100000, 0x0000000085100000| Untracked 
|  82|0x0000000085200000, 0x0000000085200000, 0x0000000085300000|  0%| F|  |TAMS 0x0000000085200000, 0x0000000085200000| Untracked 
|  83|0x0000000085300000, 0x0000000085300000, 0x0000000085400000|  0%| F|  |TAMS 0x0000000085300000, 0x0000000085300000| Untracked 
|  84|0x0000000085400000, 0x0000000085400000, 0x0000000085500000|  0%| F|  |TAMS 0x0000000085400000, 0x0000000085400000| Untracked 
|  85|0x0000000085500000, 0x0000000085500000, 0x0000000085600000|  0%| F|  |TAMS 0x0000000085500000, 0x0000000085500000| Untracked 
|  86|0x0000000085600000, 0x0000000085600000, 0x0000000085700000|  0%| F|  |TAMS 0x0000000085600000, 0x0000000085600000| Untracked 
|  87|0x0000000085700000, 0x0000000085700000, 0x0000000085800000|  0%| F|  |TAMS 0x0000000085700000, 0x0000000085700000| Untracked 
|  88|0x0000000085800000, 0x0000000085800000, 0x0000000085900000|  0%| F|  |TAMS 0x0000000085800000, 0x0000000085800000| Untracked 
|  89|0x0000000085900000, 0x0000000085900000, 0x0000000085a00000|  0%| F|  |TAMS 0x0000000085900000, 0x0000000085900000| Untracked 
|  90|0x0000000085a00000, 0x0000000085a00000, 0x0000000085b00000|  0%| F|  |TAMS 0x0000000085a00000, 0x0000000085a00000| Untracked 
|  91|0x0000000085b00000, 0x0000000085b00000, 0x0000000085c00000|  0%| F|  |TAMS 0x0000000085b00000, 0x0000000085b00000| Untracked 
|  92|0x0000000085c00000, 0x0000000085c00000, 0x0000000085d00000|  0%| F|  |TAMS 0x0000000085c00000, 0x0000000085c00000| Untracked 
|  93|0x0000000085d00000, 0x0000000085d00000, 0x0000000085e00000|  0%| F|  |TAMS 0x0000000085d00000, 0x0000000085d00000| Untracked 
|  94|0x0000000085e00000, 0x0000000085e00000, 0x0000000085f00000|  0%| F|  |TAMS 0x0000000085e00000, 0x0000000085e00000| Untracked 
|  95|0x0000000085f00000, 0x0000000085f00000, 0x0000000086000000|  0%| F|  |TAMS 0x0000000085f00000, 0x0000000085f00000| Untracked 
|  96|0x0000000086000000, 0x0000000086000000, 0x0000000086100000|  0%| F|  |TAMS 0x0000000086000000, 0x0000000086000000| Untracked 
|  97|0x0000000086100000, 0x0000000086100000, 0x0000000086200000|  0%| F|  |TAMS 0x0000000086100000, 0x0000000086100000| Untracked 
|  98|0x0000000086200000, 0x0000000086200000, 0x0000000086300000|  0%| F|  |TAMS 0x0000000086200000, 0x0000000086200000| Untracked 
|  99|0x0000000086300000, 0x0000000086300000, 0x0000000086400000|  0%| F|  |TAMS 0x0000000086300000, 0x0000000086300000| Untracked 
| 100|0x0000000086400000, 0x0000000086400000, 0x0000000086500000|  0%| F|  |TAMS 0x0000000086400000, 0x0000000086400000| Untracked 
| 101|0x0000000086500000, 0x0000000086500000, 0x0000000086600000|  0%| F|  |TAMS 0x0000000086500000, 0x0000000086500000| Untracked 
| 102|0x0000000086600000, 0x0000000086600000, 0x0000000086700000|  0%| F|  |TAMS 0x0000000086600000, 0x0000000086600000| Untracked 
| 103|0x0000000086700000, 0x0000000086700000, 0x0000000086800000|  0%| F|  |TAMS 0x0000000086700000, 0x0000000086700000| Untracked 
| 104|0x0000000086800000, 0x0000000086800000, 0x0000000086900000|  0%| F|  |TAMS 0x0000000086800000, 0x0000000086800000| Untracked 
| 105|0x0000000086900000, 0x0000000086900000, 0x0000000086a00000|  0%| F|  |TAMS 0x0000000086900000, 0x0000000086900000| Untracked 
| 106|0x0000000086a00000, 0x0000000086a00000, 0x0000000086b00000|  0%| F|  |TAMS 0x0000000086a00000, 0x0000000086a00000| Untracked 
| 107|0x0000000086b00000, 0x0000000086b00000, 0x0000000086c00000|  0%| F|  |TAMS 0x0000000086b00000, 0x0000000086b00000| Untracked 
| 108|0x0000000086c00000, 0x0000000086c00000, 0x0000000086d00000|  0%| F|  |TAMS 0x0000000086c00000, 0x0000000086c00000| Untracked 
| 109|0x0000000086d00000, 0x0000000086d8d658, 0x0000000086e00000| 55%| S|CS|TAMS 0x0000000086d00000, 0x0000000086d00000| Complete 
| 110|0x0000000086e00000, 0x0000000086f00000, 0x0000000086f00000|100%| S|CS|TAMS 0x0000000086e00000, 0x0000000086e00000| Complete 
| 111|0x0000000086f00000, 0x0000000087000000, 0x0000000087000000|100%| S|CS|TAMS 0x0000000086f00000, 0x0000000086f00000| Complete 
| 112|0x0000000087000000, 0x0000000087100000, 0x0000000087100000|100%| S|CS|TAMS 0x0000000087000000, 0x0000000087000000| Complete 
| 113|0x0000000087100000, 0x0000000087200000, 0x0000000087200000|100%| S|CS|TAMS 0x0000000087100000, 0x0000000087100000| Complete 
| 114|0x0000000087200000, 0x0000000087300000, 0x0000000087300000|100%| S|CS|TAMS 0x0000000087200000, 0x0000000087200000| Complete 
| 115|0x0000000087300000, 0x0000000087300000, 0x0000000087400000|  0%| F|  |TAMS 0x0000000087300000, 0x0000000087300000| Untracked 
| 116|0x0000000087400000, 0x0000000087400000, 0x0000000087500000|  0%| F|  |TAMS 0x0000000087400000, 0x0000000087400000| Untracked 
| 117|0x0000000087500000, 0x0000000087500000, 0x0000000087600000|  0%| F|  |TAMS 0x0000000087500000, 0x0000000087500000| Untracked 
| 118|0x0000000087600000, 0x0000000087600000, 0x0000000087700000|  0%| F|  |TAMS 0x0000000087600000, 0x0000000087600000| Untracked 
| 119|0x0000000087700000, 0x0000000087700000, 0x0000000087800000|  0%| F|  |TAMS 0x0000000087700000, 0x0000000087700000| Untracked 
| 120|0x0000000087800000, 0x0000000087800000, 0x0000000087900000|  0%| F|  |TAMS 0x0000000087800000, 0x0000000087800000| Untracked 
| 121|0x0000000087900000, 0x0000000087900000, 0x0000000087a00000|  0%| F|  |TAMS 0x0000000087900000, 0x0000000087900000| Untracked 
| 122|0x0000000087a00000, 0x0000000087a00000, 0x0000000087b00000|  0%| F|  |TAMS 0x0000000087a00000, 0x0000000087a00000| Untracked 
| 123|0x0000000087b00000, 0x0000000087b00000, 0x0000000087c00000|  0%| F|  |TAMS 0x0000000087b00000, 0x0000000087b00000| Untracked 
| 124|0x0000000087c00000, 0x0000000087c00000, 0x0000000087d00000|  0%| F|  |TAMS 0x0000000087c00000, 0x0000000087c00000| Untracked 
| 125|0x0000000087d00000, 0x0000000087d00000, 0x0000000087e00000|  0%| F|  |TAMS 0x0000000087d00000, 0x0000000087d00000| Untracked 
| 126|0x0000000087e00000, 0x0000000087e00000, 0x0000000087f00000|  0%| F|  |TAMS 0x0000000087e00000, 0x0000000087e00000| Untracked 
| 127|0x0000000087f00000, 0x0000000087f00000, 0x0000000088000000|  0%| F|  |TAMS 0x0000000087f00000, 0x0000000087f00000| Untracked 
| 128|0x0000000088000000, 0x0000000088000000, 0x0000000088100000|  0%| F|  |TAMS 0x0000000088000000, 0x0000000088000000| Untracked 
| 129|0x0000000088100000, 0x0000000088100000, 0x0000000088200000|  0%| F|  |TAMS 0x0000000088100000, 0x0000000088100000| Untracked 
| 130|0x0000000088200000, 0x0000000088200000, 0x0000000088300000|  0%| F|  |TAMS 0x0000000088200000, 0x0000000088200000| Untracked 
| 131|0x0000000088300000, 0x0000000088300000, 0x0000000088400000|  0%| F|  |TAMS 0x0000000088300000, 0x0000000088300000| Untracked 
| 132|0x0000000088400000, 0x0000000088400000, 0x0000000088500000|  0%| F|  |TAMS 0x0000000088400000, 0x0000000088400000| Untracked 
| 133|0x0000000088500000, 0x0000000088500000, 0x0000000088600000|  0%| F|  |TAMS 0x0000000088500000, 0x0000000088500000| Untracked 
| 134|0x0000000088600000, 0x0000000088600000, 0x0000000088700000|  0%| F|  |TAMS 0x0000000088600000, 0x0000000088600000| Untracked 
| 135|0x0000000088700000, 0x0000000088700000, 0x0000000088800000|  0%| F|  |TAMS 0x0000000088700000, 0x0000000088700000| Untracked 
| 136|0x0000000088800000, 0x0000000088800000, 0x0000000088900000|  0%| F|  |TAMS 0x0000000088800000, 0x0000000088800000| Untracked 
| 137|0x0000000088900000, 0x0000000088900000, 0x0000000088a00000|  0%| F|  |TAMS 0x0000000088900000, 0x0000000088900000| Untracked 
| 138|0x0000000088a00000, 0x0000000088a00000, 0x0000000088b00000|  0%| F|  |TAMS 0x0000000088a00000, 0x0000000088a00000| Untracked 
| 139|0x0000000088b00000, 0x0000000088b00000, 0x0000000088c00000|  0%| F|  |TAMS 0x0000000088b00000, 0x0000000088b00000| Untracked 
| 140|0x0000000088c00000, 0x0000000088c00000, 0x0000000088d00000|  0%| F|  |TAMS 0x0000000088c00000, 0x0000000088c00000| Untracked 
| 141|0x0000000088d00000, 0x0000000088d00000, 0x0000000088e00000|  0%| F|  |TAMS 0x0000000088d00000, 0x0000000088d00000| Untracked 
| 142|0x0000000088e00000, 0x0000000088e00000, 0x0000000088f00000|  0%| F|  |TAMS 0x0000000088e00000, 0x0000000088e00000| Untracked 
| 143|0x0000000088f00000, 0x0000000088f00000, 0x0000000089000000|  0%| F|  |TAMS 0x0000000088f00000, 0x0000000088f00000| Untracked 
| 144|0x0000000089000000, 0x0000000089000000, 0x0000000089100000|  0%| F|  |TAMS 0x0000000089000000, 0x0000000089000000| Untracked 
| 145|0x0000000089100000, 0x0000000089100000, 0x0000000089200000|  0%| F|  |TAMS 0x0000000089100000, 0x0000000089100000| Untracked 
| 146|0x0000000089200000, 0x0000000089200000, 0x0000000089300000|  0%| F|  |TAMS 0x0000000089200000, 0x0000000089200000| Untracked 
| 147|0x0000000089300000, 0x0000000089300000, 0x0000000089400000|  0%| F|  |TAMS 0x0000000089300000, 0x0000000089300000| Untracked 
| 148|0x0000000089400000, 0x0000000089400000, 0x0000000089500000|  0%| F|  |TAMS 0x0000000089400000, 0x0000000089400000| Untracked 
| 149|0x0000000089500000, 0x0000000089500000, 0x0000000089600000|  0%| F|  |TAMS 0x0000000089500000, 0x0000000089500000| Untracked 
| 150|0x0000000089600000, 0x0000000089600000, 0x0000000089700000|  0%| F|  |TAMS 0x0000000089600000, 0x0000000089600000| Untracked 
| 151|0x0000000089700000, 0x0000000089700000, 0x0000000089800000|  0%| F|  |TAMS 0x0000000089700000, 0x0000000089700000| Untracked 
| 152|0x0000000089800000, 0x0000000089800000, 0x0000000089900000|  0%| F|  |TAMS 0x0000000089800000, 0x0000000089800000| Untracked 
| 153|0x0000000089900000, 0x0000000089900000, 0x0000000089a00000|  0%| F|  |TAMS 0x0000000089900000, 0x0000000089900000| Untracked 
| 154|0x0000000089a00000, 0x0000000089a00000, 0x0000000089b00000|  0%| F|  |TAMS 0x0000000089a00000, 0x0000000089a00000| Untracked 
| 155|0x0000000089b00000, 0x0000000089b00000, 0x0000000089c00000|  0%| F|  |TAMS 0x0000000089b00000, 0x0000000089b00000| Untracked 
| 156|0x0000000089c00000, 0x0000000089c00000, 0x0000000089d00000|  0%| F|  |TAMS 0x0000000089c00000, 0x0000000089c00000| Untracked 
| 157|0x0000000089d00000, 0x0000000089d00000, 0x0000000089e00000|  0%| F|  |TAMS 0x0000000089d00000, 0x0000000089d00000| Untracked 
| 158|0x0000000089e00000, 0x0000000089e00000, 0x0000000089f00000|  0%| F|  |TAMS 0x0000000089e00000, 0x0000000089e00000| Untracked 
| 159|0x0000000089f00000, 0x0000000089f00000, 0x000000008a000000|  0%| F|  |TAMS 0x0000000089f00000, 0x0000000089f00000| Untracked 
| 160|0x000000008a000000, 0x000000008a000000, 0x000000008a100000|  0%| F|  |TAMS 0x000000008a000000, 0x000000008a000000| Untracked 
| 161|0x000000008a100000, 0x000000008a100000, 0x000000008a200000|  0%| F|  |TAMS 0x000000008a100000, 0x000000008a100000| Untracked 
| 162|0x000000008a200000, 0x000000008a200000, 0x000000008a300000|  0%| F|  |TAMS 0x000000008a200000, 0x000000008a200000| Untracked 
| 163|0x000000008a300000, 0x000000008a300000, 0x000000008a400000|  0%| F|  |TAMS 0x000000008a300000, 0x000000008a300000| Untracked 
| 164|0x000000008a400000, 0x000000008a400000, 0x000000008a500000|  0%| F|  |TAMS 0x000000008a400000, 0x000000008a400000| Untracked 
| 165|0x000000008a500000, 0x000000008a500000, 0x000000008a600000|  0%| F|  |TAMS 0x000000008a500000, 0x000000008a500000| Untracked 
| 166|0x000000008a600000, 0x000000008a600000, 0x000000008a700000|  0%| F|  |TAMS 0x000000008a600000, 0x000000008a600000| Untracked 
| 167|0x000000008a700000, 0x000000008a700000, 0x000000008a800000|  0%| F|  |TAMS 0x000000008a700000, 0x000000008a700000| Untracked 
| 168|0x000000008a800000, 0x000000008a800000, 0x000000008a900000|  0%| F|  |TAMS 0x000000008a800000, 0x000000008a800000| Untracked 
| 169|0x000000008a900000, 0x000000008a900000, 0x000000008aa00000|  0%| F|  |TAMS 0x000000008a900000, 0x000000008a900000| Untracked 
| 170|0x000000008aa00000, 0x000000008aa00000, 0x000000008ab00000|  0%| F|  |TAMS 0x000000008aa00000, 0x000000008aa00000| Untracked 
| 171|0x000000008ab00000, 0x000000008ab00000, 0x000000008ac00000|  0%| F|  |TAMS 0x000000008ab00000, 0x000000008ab00000| Untracked 
| 172|0x000000008ac00000, 0x000000008ac00000, 0x000000008ad00000|  0%| F|  |TAMS 0x000000008ac00000, 0x000000008ac00000| Untracked 
| 317|0x0000000093d00000, 0x0000000093d00000, 0x0000000093e00000|  0%| F|  |TAMS 0x0000000093d00000, 0x0000000093d00000| Untracked 

Card table byte_map: [0x00000230bed30000,0x00000230bf130000] _byte_map_base: 0x00000230be930000

Marking Bits (Prev, Next): (CMBitMap*) 0x00000230ac191560, (CMBitMap*) 0x00000230ac1915a0
 Prev Bits: [0x00000230bf530000, 0x00000230c1530000)
 Next Bits: [0x00000230c1530000, 0x00000230c3530000)

Polling page: 0x00000230ab8f0000

Metaspace:

Usage:
  Non-class:     50.26 MB used.
      Class:      7.91 MB used.
       Both:     58.17 MB used.

Virtual space:
  Non-class space:       64.00 MB reserved,      50.56 MB ( 79%) committed,  1 nodes.
      Class space:        1.00 GB reserved,       8.19 MB ( <1%) committed,  1 nodes.
             Both:        1.06 GB reserved,      58.75 MB (  5%) committed. 

Chunk freelists:
   Non-Class:  13.25 MB
       Class:  7.86 MB
        Both:  21.11 MB

MaxMetaspaceSize: unlimited
CompressedClassSpaceSize: 1.00 GB
Initial GC threshold: 21.00 MB
Current GC threshold: 59.06 MB
CDS: off
MetaspaceReclaimPolicy: balanced
 - commit_granule_bytes: 65536.
 - commit_granule_words: 8192.
 - virtual_space_node_default_size: 8388608.
 - enlarge_chunks_in_place: 1.
 - new_chunks_are_fully_committed: 0.
 - uncommit_free_chunks: 1.
 - use_allocation_guard: 0.
 - handle_deallocations: 1.


Internal statistics:

num_allocs_failed_limit: 6.
num_arena_births: 734.
num_arena_deaths: 0.
num_vsnodes_births: 2.
num_vsnodes_deaths: 0.
num_space_committed: 940.
num_space_uncommitted: 0.
num_chunks_returned_to_freelist: 6.
num_chunks_taken_from_freelist: 2844.
num_chunk_merges: 6.
num_chunk_splits: 1827.
num_chunks_enlarged: 1177.
num_inconsistent_stats: 0.

CodeHeap 'non-profiled nmethods': size=120000Kb used=3222Kb max_used=3222Kb free=116777Kb
 bounds [0x00000230b70d0000, 0x00000230b7400000, 0x00000230be600000]
CodeHeap 'profiled nmethods': size=120000Kb used=10470Kb max_used=10470Kb free=109529Kb
 bounds [0x00000230af600000, 0x00000230b0040000, 0x00000230b6b30000]
CodeHeap 'non-nmethods': size=5760Kb used=2340Kb max_used=2414Kb free=3419Kb
 bounds [0x00000230b6b30000, 0x00000230b6da0000, 0x00000230b70d0000]
 total_blobs=6393 nmethods=5547 adapters=757
 compilation: enabled
              stopped_count=0, restarted_count=0
 full_count=0

Compilation events (20 events):
Event: 5.603 Thread 0x00000230c622c310 nmethod 6267 0x00000230b73f2290 code [0x00000230b73f2420, 0x00000230b73f24f8]
Event: 5.603 Thread 0x00000230c622c310 6275       3       com.google.common.util.concurrent.AbstractFuture::complete (135 bytes)
Event: 5.604 Thread 0x00000230c622c310 nmethod 6275 0x00000230b0036410 code [0x00000230b0036680, 0x00000230b0037348]
Event: 5.604 Thread 0x00000230c622c310 6277       3       org.gradle.internal.snapshot.AbstractIncompleteFileSystemNode::store (43 bytes)
Event: 5.604 Thread 0x00000230c622c310 nmethod 6277 0x00000230b0037790 code [0x00000230b0037980, 0x00000230b00380a8]
Event: 5.604 Thread 0x00000230c622c310 6278       3       org.gradle.internal.snapshot.AbstractIncompleteFileSystemNode$2::<init> (26 bytes)
Event: 5.604 Thread 0x00000230c622c310 nmethod 6278 0x00000230b0038310 code [0x00000230b00384c0, 0x00000230b0038798]
Event: 5.604 Thread 0x00000230c622c310 6282       3       java.util.concurrent.locks.AbstractQueuedSynchronizer$ConditionObject::doSignal (54 bytes)
Event: 5.605 Thread 0x00000230c622c310 nmethod 6282 0x00000230b0038890 code [0x00000230b0038a60, 0x00000230b0038e18]
Event: 5.605 Thread 0x00000230c622c310 6279       3       org.gradle.internal.snapshot.PartialDirectoryNode::withIncompleteChildren (9 bytes)
Event: 5.605 Thread 0x00000230cd344850 6284       4       java.util.stream.MatchOps::makeRef (29 bytes)
Event: 5.605 Thread 0x00000230c622c310 nmethod 6279 0x00000230b0038f90 code [0x00000230b0039140, 0x00000230b0039418]
Event: 5.605 Thread 0x00000230c622c310 6280       3       org.gradle.internal.hash.Hashing$DefaultHasher::hash (10 bytes)
Event: 5.605 Thread 0x00000230c622c310 nmethod 6280 0x00000230b0039590 code [0x00000230b0039780, 0x00000230b0039da8]
Event: 5.605 Thread 0x00000230c622c310 6285   !   3       com.google.common.cache.LocalCache$Segment::put (439 bytes)
Event: 5.606 Thread 0x00000230c64cce60 6288       4       java.util.ArrayList::elementData (7 bytes)
Event: 5.606 Thread 0x00000230c64cce60 nmethod 6288 0x00000230b73f2590 code [0x00000230b73f2700, 0x00000230b73f27b8]
Event: 5.606 Thread 0x00000230c64cce60 6289       4       com.google.common.collect.RegularImmutableMap::get (64 bytes)
Event: 5.607 Thread 0x00000230c6228370 nmethod 6154 0x00000230b73f2890 code [0x00000230b73f2ae0, 0x00000230b73f4b00]
Event: 5.607 Thread 0x00000230c6228370 6290       4       com.google.common.collect.RegularImmutableMap::get (13 bytes)

GC Heap History (20 events):
Event: 0.456 GC heap after
{Heap after GC invocations=1 (full 0):
 garbage-first heap   total 325632K, used 10515K [0x0000000080000000, 0x0000000100000000)
  region size 1024K, 3 young (3072K), 3 survivors (3072K)
 Metaspace       used 10487K, committed 10688K, reserved 1114112K
  class space    used 1095K, committed 1216K, reserved 1048576K
}
Event: 0.728 GC heap before
{Heap before GC invocations=1 (full 0):
 garbage-first heap   total 325632K, used 40211K [0x0000000080000000, 0x0000000100000000)
  region size 1024K, 31 young (31744K), 3 survivors (3072K)
 Metaspace       used 11418K, committed 11584K, reserved 1114112K
  class space    used 1194K, committed 1280K, reserved 1048576K
}
Event: 0.743 GC heap after
{Heap after GC invocations=2 (full 0):
 garbage-first heap   total 325632K, used 12237K [0x0000000080000000, 0x0000000100000000)
  region size 1024K, 2 young (2048K), 2 survivors (2048K)
 Metaspace       used 11418K, committed 11584K, reserved 1114112K
  class space    used 1194K, committed 1280K, reserved 1048576K
}
Event: 1.395 GC heap before
{Heap before GC invocations=2 (full 0):
 garbage-first heap   total 325632K, used 55245K [0x0000000080000000, 0x0000000100000000)
  region size 1024K, 45 young (46080K), 2 survivors (2048K)
 Metaspace       used 21260K, committed 21504K, reserved 1114112K
  class space    used 2527K, committed 2688K, reserved 1048576K
}
Event: 1.399 GC heap after
{Heap after GC invocations=3 (full 0):
 garbage-first heap   total 325632K, used 18891K [0x0000000080000000, 0x0000000100000000)
  region size 1024K, 9 young (9216K), 9 survivors (9216K)
 Metaspace       used 21260K, committed 21504K, reserved 1114112K
  class space    used 2527K, committed 2688K, reserved 1048576K
}
Event: 1.776 GC heap before
{Heap before GC invocations=4 (full 0):
 garbage-first heap   total 71680K, used 52683K [0x0000000080000000, 0x0000000100000000)
  region size 1024K, 42 young (43008K), 9 survivors (9216K)
 Metaspace       used 26563K, committed 26944K, reserved 1114112K
  class space    used 3419K, committed 3584K, reserved 1048576K
}
Event: 1.802 GC heap after
{Heap after GC invocations=5 (full 0):
 garbage-first heap   total 71680K, used 20976K [0x0000000080000000, 0x0000000100000000)
  region size 1024K, 3 young (3072K), 3 survivors (3072K)
 Metaspace       used 26563K, committed 26944K, reserved 1114112K
  class space    used 3419K, committed 3584K, reserved 1048576K
}
Event: 1.822 GC heap before
{Heap before GC invocations=5 (full 0):
 garbage-first heap   total 71680K, used 22000K [0x0000000080000000, 0x0000000100000000)
  region size 1024K, 4 young (4096K), 3 survivors (3072K)
 Metaspace       used 26730K, committed 27072K, reserved 1114112K
  class space    used 3448K, committed 3584K, reserved 1048576K
}
Event: 1.824 GC heap after
{Heap after GC invocations=6 (full 0):
 garbage-first heap   total 71680K, used 20812K [0x0000000080000000, 0x0000000100000000)
  region size 1024K, 1 young (1024K), 1 survivors (1024K)
 Metaspace       used 26730K, committed 27072K, reserved 1114112K
  class space    used 3448K, committed 3584K, reserved 1048576K
}
Event: 2.179 GC heap before
{Heap before GC invocations=6 (full 0):
 garbage-first heap   total 71680K, used 50508K [0x0000000080000000, 0x0000000100000000)
  region size 1024K, 30 young (30720K), 1 survivors (1024K)
 Metaspace       used 30701K, committed 31040K, reserved 1114112K
  class space    used 4123K, committed 4288K, reserved 1048576K
}
Event: 2.194 GC heap after
{Heap after GC invocations=7 (full 0):
 garbage-first heap   total 198656K, used 22332K [0x0000000080000000, 0x0000000100000000)
  region size 1024K, 2 young (2048K), 2 survivors (2048K)
 Metaspace       used 30701K, committed 31040K, reserved 1114112K
  class space    used 4123K, committed 4288K, reserved 1048576K
}
Event: 2.904 GC heap before
{Heap before GC invocations=7 (full 0):
 garbage-first heap   total 198656K, used 90940K [0x0000000080000000, 0x0000000100000000)
  region size 1024K, 50 young (51200K), 2 survivors (2048K)
 Metaspace       used 35824K, committed 36160K, reserved 1114112K
  class space    used 4963K, committed 5120K, reserved 1048576K
}
Event: 2.920 GC heap after
{Heap after GC invocations=8 (full 0):
 garbage-first heap   total 198656K, used 51420K [0x0000000080000000, 0x0000000100000000)
  region size 1024K, 10 young (10240K), 10 survivors (10240K)
 Metaspace       used 35824K, committed 36160K, reserved 1114112K
  class space    used 4963K, committed 5120K, reserved 1048576K
}
Event: 4.016 GC heap before
{Heap before GC invocations=9 (full 0):
 garbage-first heap   total 178176K, used 151772K [0x0000000080000000, 0x0000000100000000)
  region size 1024K, 104 young (106496K), 10 survivors (10240K)
 Metaspace       used 49327K, committed 49728K, reserved 1114112K
  class space    used 6602K, committed 6784K, reserved 1048576K
}
Event: 4.060 GC heap after
{Heap after GC invocations=10 (full 0):
 garbage-first heap   total 178176K, used 58840K [0x0000000080000000, 0x0000000100000000)
  region size 1024K, 13 young (13312K), 13 survivors (13312K)
 Metaspace       used 49327K, committed 49728K, reserved 1114112K
  class space    used 6602K, committed 6784K, reserved 1048576K
}
Event: 4.071 GC heap before
{Heap before GC invocations=10 (full 0):
 garbage-first heap   total 178176K, used 59864K [0x0000000080000000, 0x0000000100000000)
  region size 1024K, 14 young (14336K), 13 survivors (13312K)
 Metaspace       used 49423K, committed 49792K, reserved 1114112K
  class space    used 6623K, committed 6784K, reserved 1048576K
}
Event: 4.114 GC heap after
{Heap after GC invocations=11 (full 0):
 garbage-first heap   total 178176K, used 59731K [0x0000000080000000, 0x0000000100000000)
  region size 1024K, 2 young (2048K), 2 survivors (2048K)
 Metaspace       used 49423K, committed 49792K, reserved 1114112K
  class space    used 6623K, committed 6784K, reserved 1048576K
}
Event: 4.931 GC heap before
{Heap before GC invocations=11 (full 0):
 garbage-first heap   total 178176K, used 137555K [0x0000000080000000, 0x0000000100000000)
  region size 1024K, 69 young (70656K), 2 survivors (2048K)
 Metaspace       used 54610K, committed 55168K, reserved 1114112K
  class space    used 7304K, committed 7552K, reserved 1048576K
}
Event: 4.947 GC heap after
{Heap after GC invocations=12 (full 0):
 garbage-first heap   total 178176K, used 74568K [0x0000000080000000, 0x0000000100000000)
  region size 1024K, 8 young (8192K), 8 survivors (8192K)
 Metaspace       used 54610K, committed 55168K, reserved 1114112K
  class space    used 7304K, committed 7552K, reserved 1048576K
}
Event: 5.607 GC heap before
{Heap before GC invocations=12 (full 0):
 garbage-first heap   total 178176K, used 134984K [0x0000000080000000, 0x0000000100000000)
  region size 1024K, 67 young (68608K), 8 survivors (8192K)
 Metaspace       used 59563K, committed 60160K, reserved 1114112K
  class space    used 8098K, committed 8384K, reserved 1048576K
}

Dll operation events (3 events):
Event: 0.006 Loaded shared library C:\Program Files\Android\Android Studio\jbr\bin\java.dll
Event: 0.084 Loaded shared library C:\Program Files\Android\Android Studio\jbr\bin\zip.dll
Event: 0.262 Loaded shared library C:\Program Files\Android\Android Studio\jbr\bin\verify.dll

Deoptimization events (20 events):
Event: 5.527 Thread 0x00000230cf3fc5e0 DEOPT PACKING pc=0x00000230afe1616c sp=0x000000a7986fdc20
Event: 5.527 Thread 0x00000230cf3fc5e0 DEOPT UNPACKING pc=0x00000230b6b8ace3 sp=0x000000a7986fd178 mode 0
Event: 5.530 Thread 0x00000230cf3fcab0 DEOPT PACKING pc=0x00000230afe1616c sp=0x000000a7987fd870
Event: 5.530 Thread 0x00000230cf3fcab0 DEOPT UNPACKING pc=0x00000230b6b8ace3 sp=0x000000a7987fcdc8 mode 0
Event: 5.534 Thread 0x00000230cf3fffa0 DEOPT PACKING pc=0x00000230afe1616c sp=0x000000a798afd0d0
Event: 5.534 Thread 0x00000230cf3fffa0 DEOPT UNPACKING pc=0x00000230b6b8ace3 sp=0x000000a798afc628 mode 0
Event: 5.535 Thread 0x00000230cf4012e0 DEOPT PACKING pc=0x00000230af619912 sp=0x000000a7985fdd30
Event: 5.535 Thread 0x00000230cf4012e0 DEOPT UNPACKING pc=0x00000230b6b8ace3 sp=0x000000a7985fd240 mode 0
Event: 5.537 Thread 0x00000230cbb7fba0 DEOPT PACKING pc=0x00000230afcad2c3 sp=0x000000a7966fe560
Event: 5.537 Thread 0x00000230cbb7fba0 DEOPT UNPACKING pc=0x00000230b6b8ace3 sp=0x000000a7966fd9e8 mode 0
Event: 5.538 Thread 0x00000230cbb81880 DEOPT PACKING pc=0x00000230afe1616c sp=0x000000a7960f66d0
Event: 5.538 Thread 0x00000230cbb81880 DEOPT UNPACKING pc=0x00000230b6b8ace3 sp=0x000000a7960f5c28 mode 0
Event: 5.545 Thread 0x00000230cbb81880 Uncommon trap: trap_request=0xffffff45 fr.pc=0x00000230b73be0d4 relative=0x0000000000000294
Event: 5.545 Thread 0x00000230cbb81880 Uncommon trap: reason=unstable_if action=reinterpret pc=0x00000230b73be0d4 method=org.gradle.internal.snapshot.PathUtil.equalChars(CCLorg/gradle/internal/snapshot/CaseSensitivity;)Z @ 11 c2
Event: 5.545 Thread 0x00000230cbb81880 DEOPT PACKING pc=0x00000230b73be0d4 sp=0x000000a7960f5430
Event: 5.545 Thread 0x00000230cbb81880 DEOPT UNPACKING pc=0x00000230b6b8a1a3 sp=0x000000a7960f53c8 mode 2
Event: 5.602 Thread 0x00000230cbb81880 Uncommon trap: trap_request=0xffffff45 fr.pc=0x00000230b73eb670 relative=0x00000000000002b0
Event: 5.602 Thread 0x00000230cbb81880 Uncommon trap: reason=unstable_if action=reinterpret pc=0x00000230b73eb670 method=org.gradle.internal.snapshot.PathUtil.compareCharsIgnoringCase(CC)I @ 33 c2
Event: 5.602 Thread 0x00000230cbb81880 DEOPT PACKING pc=0x00000230b73eb670 sp=0x000000a7960f4ba0
Event: 5.602 Thread 0x00000230cbb81880 DEOPT UNPACKING pc=0x00000230b6b8a1a3 sp=0x000000a7960f4b30 mode 2

Classes unloaded (0 events):
No events

Classes redefined (0 events):
No events

Internal exceptions (20 events):
Event: 4.983 Thread 0x00000230cbb81880 Exception <a 'java/lang/ClassNotFoundException'{0x000000008aa247a0}: org/jetbrains/plugins/gradle/model/scala/ScalaModelCustomizer> (0x000000008aa247a0) 
thrown [s\src\hotspot\share\classfile\systemDictionary.cpp, line 256]
Event: 4.985 Thread 0x00000230cbb81880 Exception <a 'java/lang/ClassNotFoundException'{0x000000008aa5fd90}: org/jetbrains/plugins/gradle/model/DependencyAccessorsModelBeanInfo> (0x000000008aa5fd90) 
thrown [s\src\hotspot\share\classfile\systemDictionary.cpp, line 256]
Event: 4.985 Thread 0x00000230cbb81880 Exception <a 'java/lang/ClassNotFoundException'{0x000000008aa68398}: org/jetbrains/plugins/gradle/model/DependencyAccessorsModelCustomizer> (0x000000008aa68398) 
thrown [s\src\hotspot\share\classfile\systemDictionary.cpp, line 256]
Event: 5.058 Thread 0x00000230cbb81880 Exception <a 'java/lang/ClassNotFoundException'{0x000000008a2ac8f0}: org/gradle/api/internal/project/DefaultProject_DecoratedBeanInfo> (0x000000008a2ac8f0) 
thrown [s\src\hotspot\share\classfile\systemDictionary.cpp, line 256]
Event: 5.059 Thread 0x00000230cbb81880 Exception <a 'java/lang/ClassNotFoundException'{0x000000008a2b9828}: org/gradle/api/internal/project/DefaultProjectBeanInfo> (0x000000008a2b9828) 
thrown [s\src\hotspot\share\classfile\systemDictionary.cpp, line 256]
Event: 5.061 Thread 0x00000230cbb81880 Exception <a 'java/lang/ClassNotFoundException'{0x000000008a2c6788}: org/gradle/api/internal/project/DefaultProjectCustomizer> (0x000000008a2c6788) 
thrown [s\src\hotspot\share\classfile\systemDictionary.cpp, line 256]
Event: 5.075 Thread 0x00000230cbb81880 Exception <a 'java/lang/ClassNotFoundException'{0x000000008a170cd8}: org/gradle/api/internal/project/DefaultProject_DecoratedCustomizer> (0x000000008a170cd8) 
thrown [s\src\hotspot\share\classfile\systemDictionary.cpp, line 256]
Event: 5.175 Thread 0x00000230cbb81880 Exception <a 'java/lang/NoSuchMethodError'{0x00000000899e4be8}: 'long java.lang.invoke.DirectMethodHandle$Holder.invokeStatic(java.lang.Object, long)'> (0x00000000899e4be8) 
thrown [s\src\hotspot\share\interpreter\linkResolver.cpp, line 771]
Event: 5.245 Thread 0x00000230cbb81880 Exception <a 'java/lang/NoSuchMethodError'{0x00000000893bb828}: 'void java.lang.invoke.DirectMethodHandle$Holder.invokeStatic(java.lang.Object, java.lang.Object, java.lang.Object, java.lang.Object, java.lang.Object, java.lang.Object)'> (0x00000000893bb828) 
thrown [s\src\hotspot\share\interpreter\linkResolver.cpp, line 771]
Event: 5.258 Thread 0x00000230cbb81880 Exception <a 'java/lang/NoSuchMethodError'{0x000000008923b098}: 'java.lang.Object java.lang.invoke.DirectMethodHandle$Holder.invokeSpecial(java.lang.Object, java.lang.Object, java.lang.Object, java.lang.Object, java.lang.Object, java.lang.Object, java.lang.Object, java.lang.Object, java.lang.Object, java.lang.Object, java.lang.Object, java.lang.Object, java.lang.Object, java.lang.Object, java.lang.Object, java.lang.Object, java.lang.Object, java.lang.Object, java.lang.Object, java.lang.Object, java.lang.Ob
Event: 5.258 Thread 0x00000230cbb81880 Exception <a 'java/lang/NoSuchMethodError'{0x0000000089241300}: 'java.lang.Object java.lang.invoke.DelegatingMethodHandle$Holder.reinvoke_L(java.lang.Object, java.lang.Object, java.lang.Object, java.lang.Object, java.lang.Object, java.lang.Object, java.lang.Object, java.lang.Object, java.lang.Object, java.lang.Object, java.lang.Object, java.lang.Object, java.lang.Object, java.lang.Object, java.lang.Object, java.lang.Object, java.lang.Object, java.lang.Object, java.lang.Object, java.lang.Object, java.lang.O
Event: 5.259 Thread 0x00000230cbb81880 Exception <a 'java/lang/NoSuchMethodError'{0x000000008924cd48}: 'java.lang.Object java.lang.invoke.Invokers$Holder.invoker(java.lang.Object, java.lang.Object, java.lang.Object, java.lang.Object, java.lang.Object, java.lang.Object, java.lang.Object, java.lang.Object, java.lang.Object, java.lang.Object, java.lang.Object, java.lang.Object, java.lang.Object, java.lang.Object, java.lang.Object, java.lang.Object, java.lang.Object, java.lang.Object, java.lang.Object, java.lang.Object, java.lang.Object, java.lang.
Event: 5.259 Thread 0x00000230cbb81880 Exception <a 'java/lang/NoSuchMethodError'{0x0000000089253948}: 'java.lang.Object java.lang.invoke.DelegatingMethodHandle$Holder.delegate(java.lang.Object, java.lang.Object, java.lang.Object, java.lang.Object, java.lang.Object, java.lang.Object, java.lang.Object, java.lang.Object, java.lang.Object, java.lang.Object, java.lang.Object, java.lang.Object, java.lang.Object, java.lang.Object, java.lang.Object, java.lang.Object, java.lang.Object, java.lang.Object, java.lang.Object, java.lang.Object, java.lang.Obj
Event: 5.264 Thread 0x00000230cbb81880 Exception <a 'java/lang/NoSuchMethodError'{0x0000000089138ff8}: 'java.lang.Object java.lang.invoke.DirectMethodHandle$Holder.invokeStatic(java.lang.Object, java.lang.Object, java.lang.Object, java.lang.Object, java.lang.Object, java.lang.Object, java.lang.Object, java.lang.Object, java.lang.Object, java.lang.Object, java.lang.Object, java.lang.Object, java.lang.Object, java.lang.Object, java.lang.Object, java.lang.Object, java.lang.Object, java.lang.Object, java.lang.Object, java.lang.Object, java.lang.Obj
Event: 5.344 Thread 0x00000230cbb81880 Exception <a 'java/lang/NoSuchMethodError'{0x0000000088a964d8}: 'int java.lang.invoke.DirectMethodHandle$Holder.invokeSpecialIFC(java.lang.Object, java.lang.Object, java.lang.Object)'> (0x0000000088a964d8) 
thrown [s\src\hotspot\share\interpreter\linkResolver.cpp, line 771]
Event: 5.372 Thread 0x00000230cbb81880 Exception <a 'java/lang/NoSuchMethodError'{0x00000000886412b0}: 'java.lang.Object java.lang.invoke.DirectMethodHandle$Holder.newInvokeSpecial(java.lang.Object, java.lang.Object, java.lang.Object, java.lang.Object, java.lang.Object, int)'> (0x00000000886412b0) 
thrown [s\src\hotspot\share\interpreter\linkResolver.cpp, line 771]
Event: 5.373 Thread 0x00000230cbb81880 Exception <a 'java/lang/NoSuchMethodError'{0x00000000886469b0}: 'java.lang.Object java.lang.invoke.DirectMethodHandle$Holder.invokeSpecial(java.lang.Object, java.lang.Object, java.lang.Object, java.lang.Object, java.lang.Object, java.lang.Object, int)'> (0x00000000886469b0) 
thrown [s\src\hotspot\share\interpreter\linkResolver.cpp, line 771]
Event: 5.373 Thread 0x00000230cbb81880 Exception <a 'java/lang/NoSuchMethodError'{0x000000008864b790}: 'java.lang.Object java.lang.invoke.Invokers$Holder.linkToTargetMethod(java.lang.Object, java.lang.Object, java.lang.Object, java.lang.Object, int, java.lang.Object)'> (0x000000008864b790) 
thrown [s\src\hotspot\share\interpreter\linkResolver.cpp, line 771]
Event: 5.375 Thread 0x00000230cbb81880 Exception <a 'java/lang/NoSuchMethodError'{0x000000008867e880}: 'java.lang.Object java.lang.invoke.DirectMethodHandle$Holder.invokeSpecial(java.lang.Object, java.lang.Object, java.lang.Object, java.lang.Object, java.lang.Object, long)'> (0x000000008867e880) 
thrown [s\src\hotspot\share\interpreter\linkResolver.cpp, line 771]
Event: 5.376 Thread 0x00000230cbb81880 Exception <a 'java/lang/NoSuchMethodError'{0x00000000886a2090}: 'void java.lang.invoke.DirectMethodHandle$Holder.invokeStatic(java.lang.Object, java.lang.Object, java.lang.Object, int, java.lang.Object)'> (0x00000000886a2090) 
thrown [s\src\hotspot\share\interpreter\linkResolver.cpp, line 771]

VM Operations (20 events):
Event: 4.347 Executing VM operation: HandshakeAllThreads done
Event: 4.363 Executing VM operation: HandshakeAllThreads
Event: 4.363 Executing VM operation: HandshakeAllThreads done
Event: 4.925 Executing VM operation: ICBufferFull
Event: 4.926 Executing VM operation: ICBufferFull done
Event: 4.931 Executing VM operation: G1CollectForAllocation
Event: 4.947 Executing VM operation: G1CollectForAllocation done
Event: 5.018 Executing VM operation: HandshakeAllThreads
Event: 5.018 Executing VM operation: HandshakeAllThreads done
Event: 5.259 Executing VM operation: ICBufferFull
Event: 5.259 Executing VM operation: ICBufferFull done
Event: 5.352 Executing VM operation: HandshakeAllThreads
Event: 5.352 Executing VM operation: HandshakeAllThreads done
Event: 5.444 Executing VM operation: ICBufferFull
Event: 5.444 Executing VM operation: ICBufferFull done
Event: 5.486 Executing VM operation: HandshakeAllThreads
Event: 5.486 Executing VM operation: HandshakeAllThreads done
Event: 5.537 Executing VM operation: ICBufferFull
Event: 5.537 Executing VM operation: ICBufferFull done
Event: 5.607 Executing VM operation: G1CollectForAllocation

Events (20 events):
Event: 5.231 loading class java/security/cert/CertificateParsingException done
Event: 5.252 loading class java/util/Collections$SingletonMap
Event: 5.252 loading class java/util/Collections$SingletonMap done
Event: 5.255 Thread 0x00000230cf3fcf80 Thread added: 0x00000230cf3fcf80
Event: 5.264 loading class java/lang/invoke/BoundMethodHandle$Species_LLLLLLLLLLLLLLLLLLLLLLLL
Event: 5.264 loading class java/lang/invoke/BoundMethodHandle$Species_LLLLLLLLLLLLLLLLLLLLLLLL done
Event: 5.510 Thread 0x00000230cf3fbc40 Thread added: 0x00000230cf3fbc40
Event: 5.510 Thread 0x00000230cf4012e0 Thread added: 0x00000230cf4012e0
Event: 5.510 Thread 0x00000230cf3fc5e0 Thread added: 0x00000230cf3fc5e0
Event: 5.510 Thread 0x00000230cf3fcab0 Thread added: 0x00000230cf3fcab0
Event: 5.510 Thread 0x00000230cf3fddf0 Thread added: 0x00000230cf3fddf0
Event: 5.510 Thread 0x00000230cf3fe2c0 Thread added: 0x00000230cf3fe2c0
Event: 5.510 Thread 0x00000230cf3fffa0 Thread added: 0x00000230cf3fffa0
Event: 5.545 Thread 0x00000230cf3fe790 Thread added: 0x00000230cf3fe790
Event: 5.546 Thread 0x00000230cf3fec60 Thread added: 0x00000230cf3fec60
Event: 5.547 Thread 0x00000230cf3fb2a0 Thread added: 0x00000230cf3fb2a0
Event: 5.550 Thread 0x00000230cf3ff130 Thread added: 0x00000230cf3ff130
Event: 5.563 Thread 0x00000230cf3ffad0 Thread added: 0x00000230cf3ffad0
Event: 5.564 Thread 0x00000230cf3ff600 Thread added: 0x00000230cf3ff600
Event: 5.574 Thread 0x00000230cf400470 Thread added: 0x00000230cf400470


Dynamic libraries:
0x00007ff6469b0000 - 0x00007ff6469ba000 	C:\Program Files\Android\Android Studio\jbr\bin\java.exe
0x00007ffdd6170000 - 0x00007ffdd6387000 	C:\WINDOWS\SYSTEM32\ntdll.dll
0x00007ffdd4ae0000 - 0x00007ffdd4ba4000 	C:\WINDOWS\System32\KERNEL32.DLL
0x00007ffdd3a20000 - 0x00007ffdd3dc7000 	C:\WINDOWS\System32\KERNELBASE.dll
0x00007ffdd34e0000 - 0x00007ffdd35f1000 	C:\WINDOWS\System32\ucrtbase.dll
0x00007ffdbf8a0000 - 0x00007ffdbf8b7000 	C:\Program Files\Android\Android Studio\jbr\bin\jli.dll
0x00007ffdcf6d0000 - 0x00007ffdcf6eb000 	C:\Program Files\Android\Android Studio\jbr\bin\VCRUNTIME140.dll
0x00007ffdd5da0000 - 0x00007ffdd5f4e000 	C:\WINDOWS\System32\USER32.dll
0x00007ffdd3950000 - 0x00007ffdd3976000 	C:\WINDOWS\System32\win32u.dll
0x00007ffdbf530000 - 0x00007ffdbf7c3000 	C:\WINDOWS\WinSxS\amd64_microsoft.windows.common-controls_6595b64144ccf1df_6.0.22621.3527_none_270e469b73872a76\COMCTL32.dll
0x00007ffdd5f50000 - 0x00007ffdd5ff7000 	C:\WINDOWS\System32\msvcrt.dll
0x00007ffdd4510000 - 0x00007ffdd4539000 	C:\WINDOWS\System32\GDI32.dll
0x00007ffdd36c0000 - 0x00007ffdd37d9000 	C:\WINDOWS\System32\gdi32full.dll
0x00007ffdd3980000 - 0x00007ffdd3a1a000 	C:\WINDOWS\System32\msvcp_win.dll
0x00007ffdd4540000 - 0x00007ffdd4571000 	C:\WINDOWS\System32\IMM32.DLL
0x00007ffdcf700000 - 0x00007ffdcf70c000 	C:\Program Files\Android\Android Studio\jbr\bin\vcruntime140_1.dll
0x00007ffdbd840000 - 0x00007ffdbd8cd000 	C:\Program Files\Android\Android Studio\jbr\bin\msvcp140.dll
0x00007ffd6d600000 - 0x00007ffd6e280000 	C:\Program Files\Android\Android Studio\jbr\bin\server\jvm.dll
0x00007ffdd45a0000 - 0x00007ffdd4652000 	C:\WINDOWS\System32\ADVAPI32.dll
0x00007ffdd5ae0000 - 0x00007ffdd5b88000 	C:\WINDOWS\System32\sechost.dll
0x00007ffdd3e40000 - 0x00007ffdd3e68000 	C:\WINDOWS\System32\bcrypt.dll
0x00007ffdd58a0000 - 0x00007ffdd59b5000 	C:\WINDOWS\System32\RPCRT4.dll
0x00007ffdaffc0000 - 0x00007ffdaffc9000 	C:\WINDOWS\SYSTEM32\WSOCK32.dll
0x00007ffdd0b60000 - 0x00007ffdd0b94000 	C:\WINDOWS\SYSTEM32\WINMM.dll
0x00007ffdc2bc0000 - 0x00007ffdc2bca000 	C:\WINDOWS\SYSTEM32\VERSION.dll
0x00007ffdd43e0000 - 0x00007ffdd4451000 	C:\WINDOWS\System32\WS2_32.dll
0x00007ffdd24c0000 - 0x00007ffdd24d8000 	C:\WINDOWS\SYSTEM32\kernel.appcore.dll
0x00007ffdce0d0000 - 0x00007ffdce0da000 	C:\Program Files\Android\Android Studio\jbr\bin\jimage.dll
0x00007ffdd0630000 - 0x00007ffdd0862000 	C:\WINDOWS\SYSTEM32\DBGHELP.DLL
0x00007ffdd3e70000 - 0x00007ffdd41f8000 	C:\WINDOWS\System32\combase.dll
0x00007ffdd5420000 - 0x00007ffdd54f7000 	C:\WINDOWS\System32\OLEAUT32.dll
0x00007ffdd0a40000 - 0x00007ffdd0a72000 	C:\WINDOWS\SYSTEM32\dbgcore.DLL
0x00007ffdd3460000 - 0x00007ffdd34d9000 	C:\WINDOWS\System32\bcryptPrimitives.dll
0x00007ffdc2de0000 - 0x00007ffdc2dee000 	C:\Program Files\Android\Android Studio\jbr\bin\instrument.dll
0x00007ffdc2e60000 - 0x00007ffdc2e85000 	C:\Program Files\Android\Android Studio\jbr\bin\java.dll
0x00007ffdce060000 - 0x00007ffdce078000 	C:\Program Files\Android\Android Studio\jbr\bin\zip.dll
0x00007ffdd4bc0000 - 0x00007ffdd541c000 	C:\WINDOWS\System32\SHELL32.dll
0x00007ffdd1350000 - 0x00007ffdd1c46000 	C:\WINDOWS\SYSTEM32\windows.storage.dll
0x00007ffdd1210000 - 0x00007ffdd134e000 	C:\WINDOWS\SYSTEM32\wintypes.dll
0x00007ffdd59c0000 - 0x00007ffdd5ab5000 	C:\WINDOWS\System32\SHCORE.dll
0x00007ffdd56c0000 - 0x00007ffdd571e000 	C:\WINDOWS\System32\shlwapi.dll
0x00007ffdd3390000 - 0x00007ffdd33b1000 	C:\WINDOWS\SYSTEM32\profapi.dll
0x00007ffdc9f70000 - 0x00007ffdc9f89000 	C:\Program Files\Android\Android Studio\jbr\bin\net.dll
0x00007ffdcb940000 - 0x00007ffdcba76000 	C:\WINDOWS\SYSTEM32\WINHTTP.dll
0x00007ffdd29c0000 - 0x00007ffdd2a29000 	C:\WINDOWS\system32\mswsock.dll
0x00007ffdc3b10000 - 0x00007ffdc3b26000 	C:\Program Files\Android\Android Studio\jbr\bin\nio.dll
0x00007ffdce0c0000 - 0x00007ffdce0d0000 	C:\Program Files\Android\Android Studio\jbr\bin\verify.dll
0x00007ffdcf770000 - 0x00007ffdcf797000 	C:\Users\lenovo\.gradle\native\c067742578af261105cb4f569cf0c3c89f3d7b1fecec35dd04571415982c5e48\windows-amd64\native-platform.dll
0x00007ffd9e6c0000 - 0x00007ffd9e804000 	C:\Users\lenovo\.gradle\native\38dada09dfb8b06ba9b0570ebf7e218e3eb74d4ef43ca46872605cf95ebc2f47\windows-amd64\native-platform-file-events.dll
0x00007ffdcc4f0000 - 0x00007ffdcc4f9000 	C:\Program Files\Android\Android Studio\jbr\bin\management.dll
0x00007ffdc2df0000 - 0x00007ffdc2dfb000 	C:\Program Files\Android\Android Studio\jbr\bin\management_ext.dll
0x00007ffdd5ad0000 - 0x00007ffdd5ad8000 	C:\WINDOWS\System32\PSAPI.DLL
0x00007ffdd2c40000 - 0x00007ffdd2c5b000 	C:\WINDOWS\SYSTEM32\CRYPTSP.dll
0x00007ffdd2420000 - 0x00007ffdd2455000 	C:\WINDOWS\system32\rsaenh.dll
0x00007ffdd2ae0000 - 0x00007ffdd2b08000 	C:\WINDOWS\SYSTEM32\USERENV.dll
0x00007ffdd2c60000 - 0x00007ffdd2c6c000 	C:\WINDOWS\SYSTEM32\CRYPTBASE.dll
0x00007ffdd1eb0000 - 0x00007ffdd1edd000 	C:\WINDOWS\SYSTEM32\IPHLPAPI.DLL
0x00007ffdd5500000 - 0x00007ffdd5509000 	C:\WINDOWS\System32\NSI.dll
0x00007ffdcb3f0000 - 0x00007ffdcb409000 	C:\WINDOWS\SYSTEM32\dhcpcsvc6.DLL
0x00007ffdcb3d0000 - 0x00007ffdcb3ef000 	C:\WINDOWS\SYSTEM32\dhcpcsvc.DLL
0x00007ffdd1f20000 - 0x00007ffdd2018000 	C:\WINDOWS\SYSTEM32\DNSAPI.dll
0x00007ffd70850000 - 0x00007ffd70858000 	C:\WINDOWS\system32\wshunix.dll

dbghelp: loaded successfully - version: 4.0.5 - missing functions: none
symbol engine: initialized successfully - sym options: 0x614 - pdb path: .;C:\Program Files\Android\Android Studio\jbr\bin;C:\WINDOWS\SYSTEM32;C:\WINDOWS\WinSxS\amd64_microsoft.windows.common-controls_6595b64144ccf1df_6.0.22621.3527_none_270e469b73872a76;C:\Program Files\Android\Android Studio\jbr\bin\server;C:\Users\lenovo\.gradle\native\c067742578af261105cb4f569cf0c3c89f3d7b1fecec35dd04571415982c5e48\windows-amd64;C:\Users\lenovo\.gradle\native\38dada09dfb8b06ba9b0570ebf7e218e3eb74d4ef43ca46872605cf95ebc2f47\windows-amd64

VM Arguments:
jvm_args: --add-opens=java.base/java.util=ALL-UNNAMED --add-opens=java.base/java.lang=ALL-UNNAMED --add-opens=java.base/java.lang.invoke=ALL-UNNAMED --add-opens=java.prefs/java.util.prefs=ALL-UNNAMED --add-opens=java.base/java.nio.charset=ALL-UNNAMED --add-opens=java.base/java.net=ALL-UNNAMED --add-opens=java.base/java.util.concurrent.atomic=ALL-UNNAMED -Xmx2048m -Dfile.encoding=UTF-8 -Duser.country=FR -Duser.language=fr -Duser.variant -javaagent:C:\Users\lenovo\Downloads\gradle-8.7-bin\gradle-8.7\lib\agents\gradle-instrumentation-agent-8.7.jar 
java_command: org.gradle.launcher.daemon.bootstrap.GradleDaemon 8.7
java_class_path (initial): C:\Users\lenovo\Downloads\gradle-8.7-bin\gradle-8.7\lib\gradle-launcher-8.7.jar
Launcher Type: SUN_STANDARD

[Global flags]
     intx CICompilerCount                          = 4                                         {product} {ergonomic}
     uint ConcGCThreads                            = 2                                         {product} {ergonomic}
     uint G1ConcRefinementThreads                  = 8                                         {product} {ergonomic}
   size_t G1HeapRegionSize                         = 1048576                                   {product} {ergonomic}
    uintx GCDrainStackTargetSize                   = 64                                        {product} {ergonomic}
   size_t InitialHeapSize                          = 333447168                                 {product} {ergonomic}
   size_t MarkStackSize                            = 4194304                                   {product} {ergonomic}
   size_t MaxHeapSize                              = 2147483648                                {product} {command line}
   size_t MaxNewSize                               = 1287651328                                {product} {ergonomic}
   size_t MinHeapDeltaBytes                        = 1048576                                   {product} {ergonomic}
   size_t MinHeapSize                              = 8388608                                   {product} {ergonomic}
    uintx NonNMethodCodeHeapSize                   = 5839372                                {pd product} {ergonomic}
    uintx NonProfiledCodeHeapSize                  = 122909434                              {pd product} {ergonomic}
    uintx ProfiledCodeHeapSize                     = 122909434                              {pd product} {ergonomic}
    uintx ReservedCodeCacheSize                    = 251658240                              {pd product} {ergonomic}
     bool SegmentedCodeCache                       = true                                      {product} {ergonomic}
   size_t SoftMaxHeapSize                          = 2147483648                             {manageable} {ergonomic}
     bool UseCompressedClassPointers               = true                           {product lp64_product} {ergonomic}
     bool UseCompressedOops                        = true                           {product lp64_product} {ergonomic}
     bool UseG1GC                                  = true                                      {product} {ergonomic}
     bool UseLargePagesIndividualAllocation        = false                                  {pd product} {ergonomic}

Logging:
Log output configuration:
 #0: stdout all=warning uptime,level,tags
 #1: stderr all=off uptime,level,tags

Environment Variables:
PATH=C:\Program Files (x86)\VMware\VMware Player\bin\;C:\ProgramData\Anaconda3;C:\ProgramData\Anaconda3\Library\mingw-w64\bin;C:\ProgramData\Anaconda3\Library\usr\bin;C:\ProgramData\Anaconda3\Library\bin;C:\ProgramData\Anaconda3\Scripts;C:\Program Files (x86)\Seagate Software\NOTES\;C:\Program Files (x86)\Seagate Software\NOTES\DATA\;C:\Program Files\Common Files\Oracle\Java\javapath;C:\app\lenovo\product\21c\dbhomeXE\bin;C:\WINDOWS\system32;C:\WINDOWS;C:\WINDOWS\System32\Wbem;C:\WINDOWS\System32\WindowsPowerShell\v1.0\;C:\WINDOWS\System32\OpenSSH\;C:\msys64\mingw64\bin;C:\Program Files (x86)\dotnet\;C:\Program Files\Git\cmd;C:\xampp\php;C:\composer;C:\Program Files\nodejs\;C:\Users\lenovo\AppData\Local\Programs\Python\Python311\Scripts;C:\Program Files (x86)\Windows Kits\10\Windows Performance Toolkit\;C:\GnuWin32\bin;C:\Program Files (x86)\Microsoft SQL Server\160\Tools\Binn\;C:\Program Files\Microsoft SQL Server\160\Tools\Binn\;C:\Program Files\Microsoft SQL Server\Client SDK\ODBC\170\Tools\Binn\;C:\Program Files\Microsoft SQL Server\160\DTS\Binn\;C:\Program Files (x86)\Microsoft SQL Server\160\DTS\Binn\;C:\Program Files\Azure Data Studio\bin;C:\Program Files\PuTTY\;C:\Program Files\Docker\Docker\resources\bin;C:\Program Files\Kubernetes\Minikube;C:\Program Files\Microsoft SQL Server\150\Tools\Binn\;C:\Program Files\Microsoft SQL Server\130\DTS\Binn\;C:\Program Files\Microsoft SQL Server\140\DTS\Binn\;C:\Program Files\Microsoft SQL Server\150\DTS\Binn\;C:\Program Files\MySQL\MySQL Shell 8.0\bin\;C:\Users\lenovo\AppData\Local\Microsoft\WindowsApps;C:\Users\lenovo\AppData\Local\Programs\Microsoft VS Code\bin;C:\dart\bin;C:\Users\lenovo\AppData\Roaming\Composer\vendor\bin;C:\Users\lenovo\AppData\Roaming\npm;C:\Program Files\heroku\bin;C:\AdditionalPackage\protoc\bin;C:\Program Files\Tesseract-OCR;;C:\Program Files\Azure Data Studio\bin
USERNAME=lenovo
OS=Windows_NT
PROCESSOR_IDENTIFIER=Intel64 Family 6 Model 140 Stepping 1, GenuineIntel
TMP=C:\Users\lenovo\AppData\Local\Temp
TEMP=C:\Users\lenovo\AppData\Local\Temp


JNI global refs:
JNI global refs: 29, weak refs: 11

JNI global refs memory usage: 843, weak refs: 841

OOME stack traces (most recent first):
Classloader memory used:
Loader org.gradle.internal.classloader.VisitableURLClassLoader                         : 3595K
Loader bootstrap                                                                       : 2475K
Loader org.gradle.initialization.MixInLegacyTypesClassLoader                           : 1069K
Loader org.gradle.internal.classloader.VisitableURLClassLoader$InstrumentingVisitableURLClassLoader: 91807B
Loader org.gradle.internal.classloader.VisitableURLClassLoader                         : 77083B
Loader jdk.internal.loader.ClassLoaders$PlatformClassLoader                            : 68251B
Loader jdk.internal.loader.ClassLoaders$AppClassLoader                                 : 28435B
Loader jdk.internal.reflect.DelegatingClassLoader                                      : 27590B
Loader org.gradle.groovy.scripts.internal.DefaultScriptCompilationHandler$ScriptClassLoader: 12724B
Loader org.codehaus.groovy.runtime.callsite.CallSiteClassLoader                        : 6718B

Classes loaded by more than one classloader:
Class org.gradle.internal.Cast                                                        : loaded 3 times (x 69B)
Class Program                                                                         : loaded 3 times (x 70B)
Class org.gradle.api.GradleException                                                  : loaded 3 times (x 80B)
Class org.gradle.internal.classpath.ClassPath                                         : loaded 2 times (x 68B)
Class org.gradle.api.internal.classpath.DefaultModuleRegistry                         : loaded 2 times (x 84B)
Class Settings_gradle$1$1                                                             : loaded 2 times (x 72B)
Class com.intellij.openapi.externalSystem.model.ExternalSystemException               : loaded 2 times (x 84B)
Class org.gradle.api.Action                                                           : loaded 2 times (x 68B)
Class org.jetbrains.kotlin.idea.gradleTooling.model.samWithReceiver.SamWithReceiverModel: loaded 2 times (x 68B)
Class org.jetbrains.plugins.gradle.model.ExternalProject                              : loaded 2 times (x 68B)
Class org.jetbrains.plugins.gradle.model.IntelliJSettings                             : loaded 2 times (x 68B)
Class org.jetbrains.kotlin.idea.gradleTooling.KotlinMPPGradleModel                    : loaded 2 times (x 68B)
Class org.gradle.api.internal.DefaultClassPathProvider                                : loaded 2 times (x 74B)
Class org.gradle.internal.installation.GradleInstallation$1                           : loaded 2 times (x 73B)
Class org.gradle.internal.exceptions.DefaultMultiCauseException                       : loaded 2 times (x 85B)
Class org.gradle.tooling.model.UnsupportedMethodException                             : loaded 2 times (x 80B)
Class org.gradle.internal.time.MonotonicClock                                         : loaded 2 times (x 75B)
Class org.gradle.internal.classloader.FilteringClassLoader                            : loaded 2 times (x 102B)
Class org.gradle.tooling.model.Model                                                  : loaded 2 times (x 68B)
Class org.gradle.internal.classpath.DefaultClassPath$ImmutableUniqueList$Builder      : loaded 2 times (x 73B)
Class org.jetbrains.kotlin.idea.gradleTooling.KotlinSourceSetContainer                : loaded 2 times (x 68B)
Class org.gradle.internal.classloader.ClassLoaderVisitor                              : loaded 2 times (x 74B)
Class org.gradle.internal.time.DefaultCountdownTimer                                  : loaded 2 times (x 86B)
Class org.gradle.internal.service.DefaultServiceLocator                               : loaded 2 times (x 81B)
Class org.gradle.internal.service.UnknownServiceException                             : loaded 2 times (x 81B)
Class org.jetbrains.plugins.gradle.model.DependencyAccessorsModel                     : loaded 2 times (x 68B)
Class org.gradle.internal.classloader.DefaultClassLoaderFactory                       : loaded 2 times (x 80B)
Class org.jetbrains.plugins.gradle.model.GradleExtensions                             : loaded 2 times (x 68B)
Class org.jetbrains.plugins.gradle.model.VersionCatalogsModel                         : loaded 2 times (x 68B)
Class org.gradle.internal.classloader.VisitableURLClassLoader$Spec                    : loaded 2 times (x 72B)
Class org.gradle.tooling.model.ProjectModel                                           : loaded 2 times (x 68B)
Class org.jetbrains.plugins.gradle.model.MavenRepositoryModel                         : loaded 2 times (x 68B)
Class org.gradle.tooling.internal.gradle.DefaultProjectIdentifier                     : loaded 2 times (x 84B)
Class org.gradle.api.internal.classpath.ModuleRegistry                                : loaded 2 times (x 68B)
Class org.gradle.util.GradleVersion                                                   : loaded 2 times (x 81B)
Class kotlin.jvm.internal.markers.KMappedMarker                                       : loaded 2 times (x 68B)
Class org.gradle.api.internal.ClassPathProvider                                       : loaded 2 times (x 68B)
Class org.gradle.internal.classloader.ClasspathUtil$1                                 : loaded 2 times (x 74B)
Class org.gradle.internal.classloader.ClassLoaderFactory                              : loaded 2 times (x 68B)
Class org.gradle.api.internal.classpath.ManifestUtil                                  : loaded 2 times (x 69B)
Class org.gradle.api.specs.Spec                                                       : loaded 2 times (x 68B)
Class org.gradle.tooling.internal.gradle.GradleBuildIdentity                          : loaded 2 times (x 68B)
Class ijinit_6e6grcenhymwraqz4y1ly8otr                                                : loaded 2 times (x 177B)
Class org.gradle.internal.IoActions                                                   : loaded 2 times (x 69B)
Class org.gradle.api.internal.classpath.EffectiveClassPath                            : loaded 2 times (x 88B)
Class kotlin.jvm.internal.DefaultConstructorMarker                                    : loaded 2 times (x 69B)
Class org.jetbrains.kotlin.idea.gradleTooling.model.annotation.AnnotationBasedPluginModel: loaded 2 times (x 68B)
Class org.jetbrains.kotlin.idea.gradleTooling.model.assignment.AssignmentModel        : loaded 2 times (x 68B)
Class org.gradle.internal.installation.CurrentGradleInstallation                      : loaded 2 times (x 71B)
Class org.gradle.internal.agents.InstrumentingClassLoader                             : loaded 2 times (x 68B)
Class org.gradle.internal.installation.CurrentGradleInstallationLocator               : loaded 2 times (x 69B)
Class org.gradle.api.internal.classpath.Module                                        : loaded 2 times (x 68B)
Class org.gradle.internal.service.CachingServiceLocator                               : loaded 2 times (x 80B)
Class org.gradle.internal.time.Timer                                                  : loaded 2 times (x 68B)
Class org.jetbrains.plugins.gradle.model.tests.ExternalTestsModel                     : loaded 2 times (x 68B)
Class org.jetbrains.kotlin.idea.gradleTooling.KotlinDslScriptAdditionalTask           : loaded 2 times (x 68B)
Class org.gradle.internal.classpath.DefaultClassPath                                  : loaded 2 times (x 88B)
Class com.intellij.openapi.externalSystem.model.project.dependencies.ProjectDependencies: loaded 2 times (x 68B)
Class org.jetbrains.kotlin.idea.gradleTooling.PrepareKotlinIdeImportTaskModel         : loaded 2 times (x 68B)
Class org.gradle.internal.impldep.com.google.common.base.Preconditions                : loaded 2 times (x 69B)
Class kotlin.jvm.functions.Function1                                                  : loaded 2 times (x 68B)
Class org.gradle.internal.time.Time                                                   : loaded 2 times (x 69B)
Class org.gradle.internal.time.TimeSource$1                                           : loaded 2 times (x 75B)
Class org.gradle.internal.classloader.SystemClassLoaderSpec                           : loaded 2 times (x 69B)
Class sync_studio_tooling1072_4q0520y9q6zqzmob9bt1z5a62$_run_closure1                 : loaded 2 times (x 137B)
Class kotlin.Function                                                                 : loaded 2 times (x 68B)
Class org.gradle.api.UncheckedIOException                                             : loaded 2 times (x 80B)
Class org.jetbrains.plugins.gradle.model.RepositoriesModel                            : loaded 2 times (x 68B)
Class org.gradle.tooling.internal.gradle.GradleProjectIdentity                        : loaded 2 times (x 68B)
Class org.gradle.internal.time.CountdownTimer                                         : loaded 2 times (x 68B)
Class org.gradle.internal.time.Clock                                                  : loaded 2 times (x 68B)
Class org.gradle.internal.classloader.ClasspathUtil                                   : loaded 2 times (x 69B)
Class org.gradle.tooling.model.BuildIdentifier                                        : loaded 2 times (x 68B)
Class org.gradle.api.internal.DefaultClassPathRegistry                                : loaded 2 times (x 74B)
Class org.gradle.api.internal.classpath.DefaultModuleRegistry$DefaultModule           : loaded 2 times (x 84B)
Class org.gradle.internal.time.TimeSource                                             : loaded 2 times (x 68B)
Class org.jetbrains.kotlin.android.synthetic.idea.AndroidExtensionsGradleModel        : loaded 2 times (x 68B)
Class org.gradle.api.internal.classpath.UnknownModuleException                        : loaded 2 times (x 80B)
Class org.jetbrains.plugins.gradle.model.IntelliJProjectSettings                      : loaded 2 times (x 68B)
Class org.gradle.internal.service.ServiceLookupException                              : loaded 2 times (x 80B)
Class org.gradle.cache.GlobalCache                                                    : loaded 2 times (x 68B)
Class org.jetbrains.kotlin.idea.gradleTooling.model.lombok.LombokModel                : loaded 2 times (x 68B)
Class sync_studio_tooling1072_4q0520y9q6zqzmob9bt1z5a62                               : loaded 2 times (x 177B)
Class org.gradle.tooling.model.ProjectIdentifier                                      : loaded 2 times (x 68B)
Class [Lorg.gradle.api.internal.ClassPathProvider;                                    : loaded 2 times (x 67B)
Class org.gradle.internal.operations.MultipleBuildOperationFailures                   : loaded 2 times (x 85B)
Class org.gradle.util.internal.GUtil                                                  : loaded 2 times (x 69B)
Class org.jetbrains.plugins.gradle.model.AnnotationProcessingModel                    : loaded 2 times (x 68B)
Class org.gradle.internal.classloader.ClassLoaderSpec                                 : loaded 2 times (x 69B)
Class org.jetbrains.plugins.gradle.model.BuildScriptClasspathModel                    : loaded 2 times (x 68B)
Class org.gradle.internal.classloader.VisitableURLClassLoader                         : loaded 2 times (x 114B)
Class org.gradle.internal.installation.GradleInstallation                             : loaded 2 times (x 73B)
Class org.gradle.api.internal.ClassPathRegistry                                       : loaded 2 times (x 68B)
Class org.gradle.internal.classloader.VisitableURLClassLoader$InstrumentingVisitableURLClassLoader: loaded 2 times (x 120B)
Class org.gradle.internal.classloader.ClassLoaderHierarchy                            : loaded 2 times (x 68B)
Class org.gradle.internal.exceptions.MultiCauseException                              : loaded 2 times (x 68B)
Class org.jetbrains.kotlin.idea.gradleTooling.model.parcelize.ParcelizeGradleModel    : loaded 2 times (x 68B)
Class org.gradle.internal.InternalTransformer                                         : loaded 2 times (x 68B)
Class org.jetbrains.kotlin.idea.gradleTooling.model.noarg.NoArgModel                  : loaded 2 times (x 68B)
Class org.jetbrains.kotlin.idea.gradleTooling.KotlinGradleModel                       : loaded 2 times (x 68B)
Class org.gradle.tooling.internal.gradle.DefaultBuildIdentifier                       : loaded 2 times (x 77B)
Class org.gradle.internal.service.ServiceLocator                                      : loaded 2 times (x 68B)
Class Settings_gradle$1                                                               : loaded 2 times (x 72B)
Class org.jetbrains.kotlin.idea.gradleTooling.model.allopen.AllOpenModel              : loaded 2 times (x 68B)
Class org.gradle.internal.classpath.DefaultClassPath$ImmutableUniqueList              : loaded 2 times (x 159B)
Class org.gradle.internal.time.DefaultTimer                                           : loaded 2 times (x 78B)
Class org.gradle.internal.classpath.TransformedClassPath                              : loaded 2 times (x 94B)
Class Settings_gradle                                                                 : loaded 2 times (x 126B)


---------------  S Y S T E M  ---------------

OS:
 Windows 11 , 64 bit Build 22621 (10.0.22621.3527)
OS uptime: 0 days 2:55 hours
Hyper-V role detected

CPU: total 8 (initial active 8) (4 cores per cpu, 2 threads per core) family 6 model 140 stepping 1 microcode 0x8a, cx8, cmov, fxsr, ht, mmx, 3dnowpref, sse, sse2, sse3, ssse3, sse4.1, sse4.2, popcnt, lzcnt, tsc, tscinvbit, avx, avx2, aes, erms, clmul, bmi1, bmi2, adx, avx512f, avx512dq, avx512cd, avx512bw, avx512vl, sha, fma, vzeroupper, avx512_vpopcntdq, avx512_vpclmulqdq, avx512_vaes, avx512_vnni, clflush, clflushopt, clwb, avx512_vbmi2, avx512_vbmi, hv

Memory: 4k page, system-wide physical 20279M (4600M free)
TotalPageFile size 20279M (AvailPageFile size 84M)
current process WorkingSet (physical memory assigned to process): 374M, peak: 379M
current process commit charge ("private bytes"): 411M, peak: 556M

vm_info: OpenJDK 64-Bit Server VM (17.0.7+0-b2043.56-10550314) for windows-amd64 JRE (17.0.7+0-b2043.56-10550314), built on Jul 24 2023 18:27:45 by "androidbuild" with MS VC++ 16.10 / 16.11 (VS2019)

END.
